#
# A fatal error has been detected by the Java Runtime Environment:
#
#  SIGSEGV (0xb) at pc=0x000000303de897cb, pid=9999, tid=140560034363136
#
# JRE version: Java(TM) SE Runtime Environment (7.0_67-b01) (build 1.7.0_67-b01)
# Java VM: Java HotSpot(TM) 64-Bit Server VM (24.65-b04 mixed mode linux-amd64 compressed oops)
# Problematic frame:
# C  [libc.so.6+0x897cb]  memcpy+0x15b
#
# Failed to write core dump. Core dumps have been disabled. To enable core dumping, try "ulimit -c unlimited" before starting Java again
#
# If you would like to submit a bug report, please visit:
#   http://bugreport.sun.com/bugreport/crash.jsp
# The crash happened outside the Java Virtual Machine in native code.
# See problematic frame for where to report the bug.
#

---------------  T H R E A D  ---------------

Current thread (0x00007fd6c0243800):  JavaThread "AWT-EventQueue-0" [_thread_in_native, id=10016, stack(0x00007fd6aedaf000,0x00007fd6aeeb0000)]

siginfo:si_signo=SIGSEGV: si_errno=0, si_code=2 (SEGV_ACCERR), si_addr=0x00007fd6af6f7000

Registers:
RAX=0x0000000000000001, RBX=0x0000000000009681, RCX=0x00000000000005b7, RDX=0x000000000000967d
RSP=0x00007fd6aeeaa378, RBP=0x00007fd6aeeaa3d0, RSI=0x00007fd6af6f7000, RDI=0x00007fd6700d414c
R8 =0x00007fd670000088, R9 =0x0000000000000001, R10=0x0000000000009682, R11=0x0000000000004000
R12=0x00007fd6af6f5d86, R13=0x00007fd670011780, R14=0x0000000000000104, R15=0x00007fd6c00a6390
RIP=0x000000303de897cb, EFLAGS=0x0000000000010206, CSGSFS=0x0000000000000033, ERR=0x0000000000000004
  TRAPNO=0x000000000000000e

Top of Stack: (sp=0x00007fd6aeeaa378)
0x00007fd6aeeaa378:   00007fd6c5232b07 0000000080800c90
0x00007fd6aeeaa388:   490004d600000000 0000000000009681
0x00007fd6aeeaa398:   0000000073616c63 00007fd670011780
0x00007fd6aeeaa3a8:   00007fd6c00a67a0 00007fd6c00a6390
0x00007fd6aeeaa3b8:   00007fd6c02f3aa0 0000000017bc624b
0x00007fd6aeeaa3c8:   00007fd6aeeaa430 00007fd6aeeaa410
0x00007fd6aeeaa3d8:   00007fd6c52330b0 00000031aeeaa410
0x00007fd6aeeaa3e8:   00007fd6aeeaa430 0000000000000031
0x00007fd6aeeaa3f8:   00007fd6c02439e8 00007fd6aeeaa430
0x00007fd6aeeaa408:   00007fd6aeeaa908 00007fd6aeeaa870
0x00007fd6aeeaa418:   00007fd6c5231eed 0100000000000000
0x00007fd6aeeaa428:   00007fd6c00a6390 2f6567617373654d
0x00007fd6aeeaa438:   746f4e746e657645 6f69746163696669
0x00007fd6aeeaa448:   53656c6261542f6e 7476457375746174
0x00007fd6aeeaa458:   73616c632e6e664e 00007fd6aeea0073
0x00007fd6aeeaa468:   00007fd6aeeaab50 0000000000000000
0x00007fd6aeeaa478:   00007fd6aeeaacd0 aeeaa944c6e2a3df
0x00007fd6aeeaa488:   00007fd6aeeaa560 ffffffffffffffff
0x00007fd6aeeaa498:   00007fd6aeeaa9d0 0000000000000000
0x00007fd6aeeaa4a8:   00007fd6aeeaac20 00000000c6e16faf
0x00007fd6aeeaa4b8:   00007fd6aeeaa948 00000000c6e16faf
0x00007fd6aeeaa4c8:   0000000000000920 00007fd6aeeaaa40
0x00007fd6aeeaa4d8:   00007fd681542970 aeeaa948c6e2a3dd
0x00007fd6aeeaa4e8:   0000000a000009af 00000000000004dc
0x00007fd6aeeaa4f8:   0000000000000000 00007fd6aeeaa944
0x00007fd6aeeaa508:   0000000200000000 00000000c6e16f73
0x00007fd6aeeaa518:   00007fd6aeeaa944 00007fd6c6e2a300
0x00007fd6aeeaa528:   00007fd6aeeaa948 0000000000000064
0x00007fd6aeeaa538:   0000000000000000 00007fd6c6e24229
0x00007fd6aeeaa548:   00000000aeeaab18 0000000000000000
0x00007fd6aeeaa558:   0000000baeeaa630 ffffffffffffffff
0x00007fd6aeeaa568:   00007fd6aeeaaaa0 0000000000000000 

Instructions: (pc=0x000000303de897cb)
0x000000303de897ab:   fe ff ff f3 c3 4c 8b 1d 59 49 30 00 49 39 d3 4c
0x000000303de897bb:   0f 47 da 4c 89 d9 49 83 e3 f8 48 c1 e9 03 74 05
0x000000303de897cb:   f3 48 a5 66 90 4c 29 da 48 f7 c2 f8 ff ff ff 75
0x000000303de897db:   14 83 e2 07 48 8b 44 24 f8 0f 85 8f fe ff ff f3 

Register to memory mapping:

RAX=0x0000000000000001 is an unknown value
RBX=0x0000000000009681 is an unknown value
RCX=0x00000000000005b7 is an unknown value
RDX=0x000000000000967d is an unknown value
RSP=0x00007fd6aeeaa378 is pointing into the stack for thread: 0x00007fd6c0243800
RBP=0x00007fd6aeeaa3d0 is pointing into the stack for thread: 0x00007fd6c0243800
RSI=0x00007fd6af6f7000 is an unknown value
RDI=0x00007fd6700d414c is an unknown value
R8 =0x00007fd670000088 is an unknown value
R9 =0x0000000000000001 is an unknown value
R10=0x0000000000009682 is an unknown value
R11=0x0000000000004000 is an unknown value
R12=0x00007fd6af6f5d86 is an unknown value
R13=0x00007fd670011780 is an unknown value
R14=0x0000000000000104 is an unknown value
R15=0x00007fd6c00a6390 is an unknown value


Stack: [0x00007fd6aedaf000,0x00007fd6aeeb0000],  sp=0x00007fd6aeeaa378,  free space=1004k
Native frames: (J=compiled Java code, j=interpreted, Vv=VM code, C=native code)
C  [libc.so.6+0x897cb]  memcpy+0x15b
C  [libzip.so+0x50b0]  ZIP_GetEntry+0xd0
C  [libzip.so+0x3eed]  Java_java_util_zip_ZipFile_getEntry+0xad
j  java.util.zip.ZipFile.getEntry(J[BZ)J+0
j  java.util.zip.ZipFile.getEntry(Ljava/lang/String;)Ljava/util/zip/ZipEntry;+38
j  java.util.jar.JarFile.getEntry(Ljava/lang/String;)Ljava/util/zip/ZipEntry;+2
j  java.util.jar.JarFile.getJarEntry(Ljava/lang/String;)Ljava/util/jar/JarEntry;+2
j  sun.misc.URLClassPath$JarLoader.getResource(Ljava/lang/String;Z)Lsun/misc/Resource;+48
j  sun.misc.URLClassPath.getResource(Ljava/lang/String;Z)Lsun/misc/Resource;+53
j  java.net.URLClassLoader$1.run()Ljava/lang/Class;+26
j  java.net.URLClassLoader$1.run()Ljava/lang/Object;+1
v  ~StubRoutines::call_stub
V  [libjvm.so+0x5ffb65]  JavaCalls::call_helper(JavaValue*, methodHandle*, JavaCallArguments*, Thread*)+0x365
V  [libjvm.so+0x5fe5c8]  JavaCalls::call(JavaValue*, methodHandle, JavaCallArguments*, Thread*)+0x28
V  [libjvm.so+0x684ee4]  JVM_DoPrivileged+0x2a4
j  java.security.AccessController.doPrivileged(Ljava/security/PrivilegedExceptionAction;Ljava/security/AccessControlContext;)Ljava/lang/Object;+0
j  java.net.URLClassLoader.findClass(Ljava/lang/String;)Ljava/lang/Class;+13
j  java.lang.ClassLoader.loadClass(Ljava/lang/String;Z)Ljava/lang/Class;+70
j  sun.misc.Launcher$AppClassLoader.loadClass(Ljava/lang/String;Z)Ljava/lang/Class;+36
j  java.lang.ClassLoader.loadClass(Ljava/lang/String;)Ljava/lang/Class;+3
v  ~StubRoutines::call_stub
V  [libjvm.so+0x5ffb65]  JavaCalls::call_helper(JavaValue*, methodHandle*, JavaCallArguments*, Thread*)+0x365
V  [libjvm.so+0x5fe5c8]  JavaCalls::call(JavaValue*, methodHandle, JavaCallArguments*, Thread*)+0x28
V  [libjvm.so+0x5fe897]  JavaCalls::call_virtual(JavaValue*, KlassHandle, Symbol*, Symbol*, JavaCallArguments*, Thread*)+0x197
V  [libjvm.so+0x5fe966]  JavaCalls::call_virtual(JavaValue*, Handle, KlassHandle, Symbol*, Symbol*, Handle, Thread*)+0x56
V  [libjvm.so+0x922249]  SystemDictionary::load_instance_class(Symbol*, Handle, Thread*)+0x419
V  [libjvm.so+0x9229f1]  SystemDictionary::resolve_instance_class_or_null(Symbol*, Handle, Handle, Thread*)+0x791
V  [libjvm.so+0x922e54]  SystemDictionary::resolve_or_null(Symbol*, Handle, Handle, Thread*)+0x54
V  [libjvm.so+0x923f34]  SystemDictionary::resolve_or_fail(Symbol*, Handle, Handle, bool, Thread*)+0x34
V  [libjvm.so+0x490c28]  constantPoolOopDesc::klass_at_impl(constantPoolHandle, int, Thread*)+0x278
V  [libjvm.so+0x5f7af4]  InterpreterRuntime::_new(JavaThread*, constantPoolOopDesc*, int)+0x74
j  Client.SelectTable.actionPerformed(Ljava/awt/event/ActionEvent;)V+176
j  javax.swing.AbstractButton.fireActionPerformed(Ljava/awt/event/ActionEvent;)V+84
j  javax.swing.AbstractButton$Handler.actionPerformed(Ljava/awt/event/ActionEvent;)V+5
j  javax.swing.DefaultButtonModel.fireActionPerformed(Ljava/awt/event/ActionEvent;)V+35
j  javax.swing.DefaultButtonModel.setPressed(Z)V+117
j  javax.swing.plaf.basic.BasicButtonListener.mouseReleased(Ljava/awt/event/MouseEvent;)V+35
j  java.awt.Component.processMouseEvent(Ljava/awt/event/MouseEvent;)V+64
j  javax.swing.JComponent.processMouseEvent(Ljava/awt/event/MouseEvent;)V+23
j  java.awt.Component.processEvent(Ljava/awt/AWTEvent;)V+81
j  java.awt.Container.processEvent(Ljava/awt/AWTEvent;)V+18
j  java.awt.Component.dispatchEventImpl(Ljava/awt/AWTEvent;)V+581
j  java.awt.Container.dispatchEventImpl(Ljava/awt/AWTEvent;)V+42
j  java.awt.Component.dispatchEvent(Ljava/awt/AWTEvent;)V+2
j  java.awt.LightweightDispatcher.retargetMouseEvent(Ljava/awt/Component;ILjava/awt/event/MouseEvent;)V+327
j  java.awt.LightweightDispatcher.processMouseEvent(Ljava/awt/event/MouseEvent;)Z+139
j  java.awt.LightweightDispatcher.dispatchEvent(Ljava/awt/AWTEvent;)Z+50
j  java.awt.Container.dispatchEventImpl(Ljava/awt/AWTEvent;)V+12
j  java.awt.Window.dispatchEventImpl(Ljava/awt/AWTEvent;)V+19
j  java.awt.Component.dispatchEvent(Ljava/awt/AWTEvent;)V+2
j  java.awt.EventQueue.dispatchEventImpl(Ljava/awt/AWTEvent;Ljava/lang/Object;)V+41
j  java.awt.EventQueue.access$200(Ljava/awt/EventQueue;Ljava/awt/AWTEvent;Ljava/lang/Object;)V+3
j  java.awt.EventQueue$3.run()Ljava/lang/Void;+12
j  java.awt.EventQueue$3.run()Ljava/lang/Object;+1
v  ~StubRoutines::call_stub
V  [libjvm.so+0x5ffb65]  JavaCalls::call_helper(JavaValue*, methodHandle*, JavaCallArguments*, Thread*)+0x365
V  [libjvm.so+0x5fe5c8]  JavaCalls::call(JavaValue*, methodHandle, JavaCallArguments*, Thread*)+0x28
V  [libjvm.so+0x684ee4]  JVM_DoPrivileged+0x2a4
j  java.security.AccessController.doPrivileged(Ljava/security/PrivilegedAction;Ljava/security/AccessControlContext;)Ljava/lang/Object;+0
j  java.security.ProtectionDomain$1.doIntersectionPrivilege(Ljava/security/PrivilegedAction;Ljava/security/AccessControlContext;Ljava/security/AccessControlContext;)Ljava/lang/Object;+28
j  java.security.ProtectionDomain$1.doIntersectionPrivilege(Ljava/security/PrivilegedAction;Ljava/security/AccessControlContext;)Ljava/lang/Object;+6
j  java.awt.EventQueue$4.run()Ljava/lang/Void;+11
j  java.awt.EventQueue$4.run()Ljava/lang/Object;+1
v  ~StubRoutines::call_stub
V  [libjvm.so+0x5ffb65]  JavaCalls::call_helper(JavaValue*, methodHandle*, JavaCallArguments*, Thread*)+0x365
V  [libjvm.so+0x5fe5c8]  JavaCalls::call(JavaValue*, methodHandle, JavaCallArguments*, Thread*)+0x28
V  [libjvm.so+0x684ee4]  JVM_DoPrivileged+0x2a4
j  java.security.AccessController.doPrivileged(Ljava/security/PrivilegedAction;Ljava/security/AccessControlContext;)Ljava/lang/Object;+0
j  java.security.ProtectionDomain$1.doIntersectionPrivilege(Ljava/security/PrivilegedAction;Ljava/security/AccessControlContext;Ljava/security/AccessControlContext;)Ljava/lang/Object;+28
j  java.awt.EventQueue.dispatchEvent(Ljava/awt/AWTEvent;)V+73
j  java.awt.EventDispatchThread.pumpOneEventForFilters(I)V+245
j  java.awt.EventDispatchThread.pumpEventsForFilter(ILjava/awt/Conditional;Ljava/awt/EventFilter;)V+35
j  java.awt.EventDispatchThread.pumpEventsForHierarchy(ILjava/awt/Conditional;Ljava/awt/Component;)V+11
j  java.awt.EventDispatchThread.pumpEvents(ILjava/awt/Conditional;)V+4
j  java.awt.EventDispatchThread.pumpEvents(Ljava/awt/Conditional;)V+3
j  java.awt.EventDispatchThread.run()V+9
v  ~StubRoutines::call_stub
V  [libjvm.so+0x5ffb65]  JavaCalls::call_helper(JavaValue*, methodHandle*, JavaCallArguments*, Thread*)+0x365
V  [libjvm.so+0x5fe5c8]  JavaCalls::call(JavaValue*, methodHandle, JavaCallArguments*, Thread*)+0x28
V  [libjvm.so+0x5fe897]  JavaCalls::call_virtual(JavaValue*, KlassHandle, Symbol*, Symbol*, JavaCallArguments*, Thread*)+0x197
V  [libjvm.so+0x5fe9b7]  JavaCalls::call_virtual(JavaValue*, Handle, KlassHandle, Symbol*, Symbol*, Thread*)+0x47
V  [libjvm.so+0x67b445]  thread_entry(JavaThread*, Thread*)+0xe5
V  [libjvm.so+0x958d9f]  JavaThread::thread_main_inner()+0xdf
V  [libjvm.so+0x958ea5]  JavaThread::run()+0xf5
V  [libjvm.so+0x81f988]  java_start(Thread*)+0x108

Java frames: (J=compiled Java code, j=interpreted, Vv=VM code)
j  java.util.zip.ZipFile.getEntry(J[BZ)J+0
j  java.util.zip.ZipFile.getEntry(Ljava/lang/String;)Ljava/util/zip/ZipEntry;+38
j  java.util.jar.JarFile.getEntry(Ljava/lang/String;)Ljava/util/zip/ZipEntry;+2
j  java.util.jar.JarFile.getJarEntry(Ljava/lang/String;)Ljava/util/jar/JarEntry;+2
j  sun.misc.URLClassPath$JarLoader.getResource(Ljava/lang/String;Z)Lsun/misc/Resource;+48
j  sun.misc.URLClassPath.getResource(Ljava/lang/String;Z)Lsun/misc/Resource;+53
j  java.net.URLClassLoader$1.run()Ljava/lang/Class;+26
j  java.net.URLClassLoader$1.run()Ljava/lang/Object;+1
v  ~StubRoutines::call_stub
j  java.security.AccessController.doPrivileged(Ljava/security/PrivilegedExceptionAction;Ljava/security/AccessControlContext;)Ljava/lang/Object;+0
j  java.net.URLClassLoader.findClass(Ljava/lang/String;)Ljava/lang/Class;+13
j  java.lang.ClassLoader.loadClass(Ljava/lang/String;Z)Ljava/lang/Class;+70
j  sun.misc.Launcher$AppClassLoader.loadClass(Ljava/lang/String;Z)Ljava/lang/Class;+36
j  java.lang.ClassLoader.loadClass(Ljava/lang/String;)Ljava/lang/Class;+3
v  ~StubRoutines::call_stub
j  Client.SelectTable.actionPerformed(Ljava/awt/event/ActionEvent;)V+176
j  javax.swing.AbstractButton.fireActionPerformed(Ljava/awt/event/ActionEvent;)V+84
j  javax.swing.AbstractButton$Handler.actionPerformed(Ljava/awt/event/ActionEvent;)V+5
j  javax.swing.DefaultButtonModel.fireActionPerformed(Ljava/awt/event/ActionEvent;)V+35
j  javax.swing.DefaultButtonModel.setPressed(Z)V+117
j  javax.swing.plaf.basic.BasicButtonListener.mouseReleased(Ljava/awt/event/MouseEvent;)V+35
j  java.awt.Component.processMouseEvent(Ljava/awt/event/MouseEvent;)V+64
j  javax.swing.JComponent.processMouseEvent(Ljava/awt/event/MouseEvent;)V+23
j  java.awt.Component.processEvent(Ljava/awt/AWTEvent;)V+81
j  java.awt.Container.processEvent(Ljava/awt/AWTEvent;)V+18
j  java.awt.Component.dispatchEventImpl(Ljava/awt/AWTEvent;)V+581
j  java.awt.Container.dispatchEventImpl(Ljava/awt/AWTEvent;)V+42
j  java.awt.Component.dispatchEvent(Ljava/awt/AWTEvent;)V+2
j  java.awt.LightweightDispatcher.retargetMouseEvent(Ljava/awt/Component;ILjava/awt/event/MouseEvent;)V+327
j  java.awt.LightweightDispatcher.processMouseEvent(Ljava/awt/event/MouseEvent;)Z+139
j  java.awt.LightweightDispatcher.dispatchEvent(Ljava/awt/AWTEvent;)Z+50
j  java.awt.Container.dispatchEventImpl(Ljava/awt/AWTEvent;)V+12
j  java.awt.Window.dispatchEventImpl(Ljava/awt/AWTEvent;)V+19
j  java.awt.Component.dispatchEvent(Ljava/awt/AWTEvent;)V+2
j  java.awt.EventQueue.dispatchEventImpl(Ljava/awt/AWTEvent;Ljava/lang/Object;)V+41
j  java.awt.EventQueue.access$200(Ljava/awt/EventQueue;Ljava/awt/AWTEvent;Ljava/lang/Object;)V+3
j  java.awt.EventQueue$3.run()Ljava/lang/Void;+12
j  java.awt.EventQueue$3.run()Ljava/lang/Object;+1
v  ~StubRoutines::call_stub
j  java.security.AccessController.doPrivileged(Ljava/security/PrivilegedAction;Ljava/security/AccessControlContext;)Ljava/lang/Object;+0
j  java.security.ProtectionDomain$1.doIntersectionPrivilege(Ljava/security/PrivilegedAction;Ljava/security/AccessControlContext;Ljava/security/AccessControlContext;)Ljava/lang/Object;+28
j  java.security.ProtectionDomain$1.doIntersectionPrivilege(Ljava/security/PrivilegedAction;Ljava/security/AccessControlContext;)Ljava/lang/Object;+6
j  java.awt.EventQueue$4.run()Ljava/lang/Void;+11
j  java.awt.EventQueue$4.run()Ljava/lang/Object;+1
v  ~StubRoutines::call_stub
j  java.security.AccessController.doPrivileged(Ljava/security/PrivilegedAction;Ljava/security/AccessControlContext;)Ljava/lang/Object;+0
j  java.security.ProtectionDomain$1.doIntersectionPrivilege(Ljava/security/PrivilegedAction;Ljava/security/AccessControlContext;Ljava/security/AccessControlContext;)Ljava/lang/Object;+28
j  java.awt.EventQueue.dispatchEvent(Ljava/awt/AWTEvent;)V+73
j  java.awt.EventDispatchThread.pumpOneEventForFilters(I)V+245
j  java.awt.EventDispatchThread.pumpEventsForFilter(ILjava/awt/Conditional;Ljava/awt/EventFilter;)V+35
j  java.awt.EventDispatchThread.pumpEventsForHierarchy(ILjava/awt/Conditional;Ljava/awt/Component;)V+11
j  java.awt.EventDispatchThread.pumpEvents(ILjava/awt/Conditional;)V+4
j  java.awt.EventDispatchThread.pumpEvents(Ljava/awt/Conditional;)V+3
j  java.awt.EventDispatchThread.run()V+9
v  ~StubRoutines::call_stub

---------------  P R O C E S S  ---------------

Java Threads: ( => current thread )
  0x00007fd6c0009000 JavaThread "DestroyJavaVM" [_thread_blocked, id=10000, stack(0x00007fd6c6339000,0x00007fd6c643a000)]
  0x00007fd6700cc000 JavaThread "TimerQueue" daemon [_thread_blocked, id=10019, stack(0x00007fd6ae217000,0x00007fd6ae318000)]
  0x00007fd6c0282800 JavaThread "Thread-0" [_thread_in_native, id=10017, stack(0x00007fd6ae38e000,0x00007fd6ae48f000)]
=>0x00007fd6c0243800 JavaThread "AWT-EventQueue-0" [_thread_in_native, id=10016, stack(0x00007fd6aedaf000,0x00007fd6aeeb0000)]
  0x00007fd6c0227800 JavaThread "AWT-Shutdown" [_thread_blocked, id=10015, stack(0x00007fd6aeeb0000,0x00007fd6aefb1000)]
  0x00007fd6c0200000 JavaThread "AWT-XAWT" daemon [_thread_in_native, id=10014, stack(0x00007fd6aefb1000,0x00007fd6af0b2000)]
  0x00007fd6c01de800 JavaThread "Java2D Disposer" daemon [_thread_blocked, id=10013, stack(0x00007fd6af0b2000,0x00007fd6af1b3000)]
  0x00007fd6c0096000 JavaThread "Service Thread" daemon [_thread_blocked, id=10011, stack(0x00007fd6af7f8000,0x00007fd6af8f9000)]
  0x00007fd6c0093800 JavaThread "C2 CompilerThread1" daemon [_thread_blocked, id=10010, stack(0x00007fd6af8f9000,0x00007fd6af9fa000)]
  0x00007fd6c0090800 JavaThread "C2 CompilerThread0" daemon [_thread_blocked, id=10009, stack(0x00007fd6af9fa000,0x00007fd6afafb000)]
  0x00007fd6c008f000 JavaThread "Signal Dispatcher" daemon [_thread_blocked, id=10008, stack(0x00007fd6afafb000,0x00007fd6afbfc000)]
  0x00007fd6c006f000 JavaThread "Finalizer" daemon [_thread_blocked, id=10007, stack(0x00007fd6afbfc000,0x00007fd6afcfd000)]
  0x00007fd6c006d000 JavaThread "Reference Handler" daemon [_thread_blocked, id=10006, stack(0x00007fd6afcfd000,0x00007fd6afdfe000)]

Other Threads:
  0x00007fd6c0068800 VMThread [stack: 0x00007fd6afdfe000,0x00007fd6afeff000] [id=10005]
  0x00007fd6c00a0800 WatcherThread [stack: 0x00007fd6af6f7000,0x00007fd6af7f8000] [id=10012]

VM state:not at safepoint (normal execution)

VM Mutex/Monitor currently owned by a thread: None

Heap
 PSYoungGen      total 36864K, used 14159K [0x00000000d7300000, 0x00000000d9c00000, 0x0000000100000000)
  eden space 31744K, 44% used [0x00000000d7300000,0x00000000d80d3c68,0x00000000d9200000)
  from space 5120K, 0% used [0x00000000d9700000,0x00000000d9700000,0x00000000d9c00000)
  to   space 5120K, 0% used [0x00000000d9200000,0x00000000d9200000,0x00000000d9700000)
 ParOldGen       total 83456K, used 0K [0x0000000085a00000, 0x000000008ab80000, 0x00000000d7300000)
  object space 83456K, 0% used [0x0000000085a00000,0x0000000085a00000,0x000000008ab80000)
 PSPermGen       total 21504K, used 13617K [0x0000000080800000, 0x0000000081d00000, 0x0000000085a00000)
  object space 21504K, 63% used [0x0000000080800000,0x000000008154c4a8,0x0000000081d00000)

Card table byte_map: [0x00007fd6c4d71000,0x00007fd6c516e000] byte_map_base: 0x00007fd6c496d000

Polling page: 0x00007fd6c74ec000

Code Cache  [0x00007fd6bd000000, 0x00007fd6bd270000, 0x00007fd6c0000000)
 total_blobs=602 nmethods=104 adapters=451 free_code_cache=48452Kb largest_free_block=49591872

Compilation events (10 events):
Event: 492.831 Thread 0x00007fd6c0090800  100             sun.util.logging.PlatformLogger::finest (12 bytes)
Event: 492.832 Thread 0x00007fd6c0090800 nmethod 100 0x00007fd6bd0ac550 code [0x00007fd6bd0ac6c0, 0x00007fd6bd0ac858]
Event: 493.271 Thread 0x00007fd6c0093800  101             java.util.concurrent.locks.AbstractQueuedSynchronizer::release (33 bytes)
Event: 493.274 Thread 0x00007fd6c0093800 nmethod 101 0x00007fd6bd0b08d0 code [0x00007fd6bd0b0a20, 0x00007fd6bd0b0b88]
Event: 493.327 Thread 0x00007fd6c0090800  102             java.util.IdentityHashMap::clear (39 bytes)
Event: 493.329 Thread 0x00007fd6c0090800 nmethod 102 0x00007fd6bd0af090 code [0x00007fd6bd0af1e0, 0x00007fd6bd0af318]
Event: 493.646 Thread 0x00007fd6c0093800  103             java.lang.Class::getName (21 bytes)
Event: 493.647 Thread 0x00007fd6c0093800 nmethod 103 0x00007fd6bd0ae7d0 code [0x00007fd6bd0ae920, 0x00007fd6bd0ae9c8]
Event: 493.711 Thread 0x00007fd6c0090800  104             sun.awt.SunToolkit::isInstanceOf (71 bytes)
Event: 493.718 Thread 0x00007fd6c0090800 nmethod 104 0x00007fd6bd0b3a50 code [0x00007fd6bd0b3c20, 0x00007fd6bd0b4480]

GC Heap History (0 events):
No events

Deoptimization events (10 events):
Event: 493.633 Thread 0x00007fd6c0243800 Uncommon trap: reason=class_check action=maybe_recompile pc=0x00007fd6bd0a0758 method=javax.swing.text.html.StyleSheet$SmallConversionSet.getAttribute(Ljava/lang/Object;)Ljava/lang/Object; @ 15
Event: 493.633 Thread 0x00007fd6c0243800 Uncommon trap: reason=class_check action=maybe_recompile pc=0x00007fd6bd0a0758 method=javax.swing.text.html.StyleSheet$SmallConversionSet.getAttribute(Ljava/lang/Object;)Ljava/lang/Object; @ 15
Event: 493.635 Thread 0x00007fd6c0243800 Uncommon trap: reason=unreached action=reinterpret pc=0x00007fd6bd0a214c method=javax.swing.text.StyleContext$SmallAttributeSet.getAttribute(Ljava/lang/Object;)Ljava/lang/Object; @ 16
Event: 493.637 Thread 0x00007fd6c0243800 Uncommon trap: reason=class_check action=maybe_recompile pc=0x00007fd6bd0a5c7c method=javax.swing.text.GlyphView.getStartOffset()I @ 27
Event: 493.637 Thread 0x00007fd6c0243800 Uncommon trap: reason=bimorphic action=maybe_recompile pc=0x00007fd6bd0a7f6c method=javax.swing.text.GlyphPainter1.sync(Ljavax/swing/text/GlyphView;)V @ 1
Event: 493.637 Thread 0x00007fd6c0243800 Uncommon trap: reason=bimorphic action=maybe_recompile pc=0x00007fd6bd0a570c method=javax.swing.text.LabelView.sync()V @ 8
Event: 493.638 Thread 0x00007fd6c0243800 Uncommon trap: reason=bimorphic action=maybe_recompile pc=0x00007fd6bd0a570c method=javax.swing.text.LabelView.sync()V @ 8
Event: 493.638 Thread 0x00007fd6c0243800 Uncommon trap: reason=bimorphic action=maybe_recompile pc=0x00007fd6bd0a570c method=javax.swing.text.LabelView.sync()V @ 8
Event: 493.638 Thread 0x00007fd6c0243800 Uncommon trap: reason=bimorphic action=maybe_recompile pc=0x00007fd6bd0a570c method=javax.swing.text.LabelView.sync()V @ 8
Event: 493.638 Thread 0x00007fd6c0243800 Uncommon trap: reason=bimorphic action=maybe_recompile pc=0x00007fd6bd09a5c4 method=javax.swing.text.LabelView.sync()V @ 8

Internal exceptions (10 events):
Event: 0.304 Thread 0x00007fd6c0282800 Threw 0x00000000d77916f8 at /HUDSON/workspace/7u-2-build-linux-amd64/jdk7u67/1368/hotspot/src/share/vm/prims/jni.cpp:1632
Event: 0.306 Thread 0x00007fd6c0282800 Threw 0x00000000d7798698 at /HUDSON/workspace/7u-2-build-linux-amd64/jdk7u67/1368/hotspot/src/share/vm/prims/jvm.cpp:1244
Event: 0.320 Thread 0x00007fd6c0009000 Threw 0x00000000d782c410 at /HUDSON/workspace/7u-2-build-linux-amd64/jdk7u67/1368/hotspot/src/share/vm/prims/jvm.cpp:1244
Event: 0.321 Thread 0x00007fd6c0009000 Threw 0x00000000d7835190 at /HUDSON/workspace/7u-2-build-linux-amd64/jdk7u67/1368/hotspot/src/share/vm/prims/jvm.cpp:1244
Event: 0.347 Thread 0x00007fd6c0009000 Threw 0x00000000d7851fc8 at /HUDSON/workspace/7u-2-build-linux-amd64/jdk7u67/1368/hotspot/src/share/vm/prims/jvm.cpp:1244
Event: 0.347 Thread 0x00007fd6c0009000 Threw 0x00000000d7853ba8 at /HUDSON/workspace/7u-2-build-linux-amd64/jdk7u67/1368/hotspot/src/share/vm/prims/jvm.cpp:1244
Event: 0.348 Thread 0x00007fd6c0009000 Threw 0x00000000d7858198 at /HUDSON/workspace/7u-2-build-linux-amd64/jdk7u67/1368/hotspot/src/share/vm/prims/jvm.cpp:1244
Event: 0.560 Thread 0x00007fd6c0009000 Threw 0x00000000d7c4f880 at /HUDSON/workspace/7u-2-build-linux-amd64/jdk7u67/1368/hotspot/src/share/vm/prims/jvm.cpp:1244
Event: 0.627 Thread 0x00007fd6c0243800 Threw 0x00000000d79211b0 at /HUDSON/workspace/7u-2-build-linux-amd64/jdk7u67/1368/hotspot/src/share/vm/prims/jni.cpp:743
Event: 493.919 Thread 0x00007fd6c0243800 Threw 0x00000000d80455d0 at /HUDSON/workspace/7u-2-build-linux-amd64/jdk7u67/1368/hotspot/src/share/vm/prims/jvm.cpp:1244

Events (10 events):
Event: 493.638 Thread 0x00007fd6c0243800 DEOPT PACKING pc=0x00007fd6bd0a570c sp=0x00007fd6aeeac280
Event: 493.638 Thread 0x00007fd6c0243800 DEOPT UNPACKING pc=0x00007fd6bd039445 sp=0x00007fd6aeeac1f0 mode 2
Event: 493.638 Thread 0x00007fd6c0243800 Uncommon trap: trap_request=0xffffffc6 fr.pc=0x00007fd6bd0a570c
Event: 493.638 Thread 0x00007fd6c0243800 DEOPT PACKING pc=0x00007fd6bd0a570c sp=0x00007fd6aeeac280
Event: 493.638 Thread 0x00007fd6c0243800 DEOPT UNPACKING pc=0x00007fd6bd039445 sp=0x00007fd6aeeac1f0 mode 2
Event: 493.638 Thread 0x00007fd6c0243800 Uncommon trap: trap_request=0xffffffc6 fr.pc=0x00007fd6bd09a5c4
Event: 493.638 Thread 0x00007fd6c0243800 DEOPT PACKING pc=0x00007fd6bd09a5c4 sp=0x00007fd6aeeac240
Event: 493.638 Thread 0x00007fd6c0243800 DEOPT UNPACKING pc=0x00007fd6bd039445 sp=0x00007fd6aeeac1f8 mode 2
Event: 493.919 loading class 0x00007fd6c00b7040
Event: 493.919 loading class 0x00007fd6c00b7040 done


Dynamic libraries:
00400000-00401000 r-xp 00000000 08:08 1310963                            /opt/JDK/jdk1.7.0_67/bin/java
00600000-00601000 rw-p 00000000 08:08 1310963                            /opt/JDK/jdk1.7.0_67/bin/java
0191c000-0193d000 rw-p 00000000 00:00 0                                  [heap]
80800000-81d00000 rw-p 00000000 00:00 0 
81d00000-85a00000 rw-p 00000000 00:00 0 
85a00000-8ab80000 rw-p 00000000 00:00 0 
8ab80000-d7300000 rw-p 00000000 00:00 0 
d7300000-d9c00000 rw-p 00000000 00:00 0 
d9c00000-100000000 rw-p 00000000 00:00 0 
303da00000-303da20000 r-xp 00000000 08:08 2359371                        /lib64/ld-2.12.so
303dc1f000-303dc20000 r--p 0001f000 08:08 2359371                        /lib64/ld-2.12.so
303dc20000-303dc21000 rw-p 00020000 08:08 2359371                        /lib64/ld-2.12.so
303dc21000-303dc22000 rw-p 00000000 00:00 0 
303de00000-303df8a000 r-xp 00000000 08:08 2359404                        /lib64/libc-2.12.so
303df8a000-303e18a000 ---p 0018a000 08:08 2359404                        /lib64/libc-2.12.so
303e18a000-303e18e000 r--p 0018a000 08:08 2359404                        /lib64/libc-2.12.so
303e18e000-303e18f000 rw-p 0018e000 08:08 2359404                        /lib64/libc-2.12.so
303e18f000-303e194000 rw-p 00000000 00:00 0 
303e200000-303e283000 r-xp 00000000 08:08 2359412                        /lib64/libm-2.12.so
303e283000-303e482000 ---p 00083000 08:08 2359412                        /lib64/libm-2.12.so
303e482000-303e483000 r--p 00082000 08:08 2359412                        /lib64/libm-2.12.so
303e483000-303e484000 rw-p 00083000 08:08 2359412                        /lib64/libm-2.12.so
303e600000-303e602000 r-xp 00000000 08:08 2359407                        /lib64/libdl-2.12.so
303e602000-303e802000 ---p 00002000 08:08 2359407                        /lib64/libdl-2.12.so
303e802000-303e803000 r--p 00002000 08:08 2359407                        /lib64/libdl-2.12.so
303e803000-303e804000 rw-p 00003000 08:08 2359407                        /lib64/libdl-2.12.so
303ea00000-303ea17000 r-xp 00000000 08:08 2359411                        /lib64/libpthread-2.12.so
303ea17000-303ec17000 ---p 00017000 08:08 2359411                        /lib64/libpthread-2.12.so
303ec17000-303ec18000 r--p 00017000 08:08 2359411                        /lib64/libpthread-2.12.so
303ec18000-303ec19000 rw-p 00018000 08:08 2359411                        /lib64/libpthread-2.12.so
303ec19000-303ec1d000 rw-p 00000000 00:00 0 
303f200000-303f207000 r-xp 00000000 08:08 2359662                        /lib64/librt-2.12.so
303f207000-303f406000 ---p 00007000 08:08 2359662                        /lib64/librt-2.12.so
303f406000-303f407000 r--p 00006000 08:08 2359662                        /lib64/librt-2.12.so
303f407000-303f408000 rw-p 00007000 08:08 2359662                        /lib64/librt-2.12.so
3040600000-3040602000 r-xp 00000000 08:08 4342613                        /usr/lib64/libXau.so.6.0.0
3040602000-3040802000 ---p 00002000 08:08 4342613                        /usr/lib64/libXau.so.6.0.0
3040802000-3040803000 rw-p 00002000 08:08 4342613                        /usr/lib64/libXau.so.6.0.0
3040a00000-3040a1d000 r-xp 00000000 08:08 4326320                        /usr/lib64/libxcb.so.1.1.0
3040a1d000-3040c1d000 ---p 0001d000 08:08 4326320                        /usr/lib64/libxcb.so.1.1.0
3040c1d000-3040c1e000 rw-p 0001d000 08:08 4326320                        /usr/lib64/libxcb.so.1.1.0
3040e00000-3040f37000 r-xp 00000000 08:08 4326051                        /usr/lib64/libX11.so.6.3.0
3040f37000-3041137000 ---p 00137000 08:08 4326051                        /usr/lib64/libX11.so.6.3.0
3041137000-304113d000 rw-p 00137000 08:08 4326051                        /usr/lib64/libX11.so.6.3.0
3041a00000-3041a11000 r-xp 00000000 08:08 4326835                        /usr/lib64/libXext.so.6.4.0
3041a11000-3041c11000 ---p 00011000 08:08 4326835                        /usr/lib64/libXext.so.6.4.0
3041c11000-3041c12000 rw-p 00011000 08:08 4326835                        /usr/lib64/libXext.so.6.4.0
3042a00000-3042a09000 r-xp 00000000 08:08 4331757                        /usr/lib64/libXrender.so.1.3.0
3042a09000-3042c08000 ---p 00009000 08:08 4331757                        /usr/lib64/libXrender.so.1.3.0
3042c08000-3042c09000 rw-p 00008000 08:08 4331757                        /usr/lib64/libXrender.so.1.3.0
3042e00000-3042e16000 r-xp 00000000 08:08 2359424                        /lib64/libgcc_s-4.4.6-20110824.so.1
3042e16000-3043015000 ---p 00016000 08:08 2359424                        /lib64/libgcc_s-4.4.6-20110824.so.1
3043015000-3043016000 rw-p 00015000 08:08 2359424                        /lib64/libgcc_s-4.4.6-20110824.so.1
3043600000-3043605000 r-xp 00000000 08:08 4331719                        /usr/lib64/libXfixes.so.3.1.0
3043605000-3043804000 ---p 00005000 08:08 4331719                        /usr/lib64/libXfixes.so.3.1.0
3043804000-3043805000 rw-p 00004000 08:08 4331719                        /usr/lib64/libXfixes.so.3.1.0
3043a00000-3043a0f000 r-xp 00000000 08:08 4331702                        /usr/lib64/libXi.so.6.1.0
3043a0f000-3043c0e000 ---p 0000f000 08:08 4331702                        /usr/lib64/libXi.so.6.1.0
3043c0e000-3043c0f000 rw-p 0000e000 08:08 4331702                        /usr/lib64/libXi.so.6.1.0
3044200000-3044209000 r-xp 00000000 08:08 4331717                        /usr/lib64/libXcursor.so.1.0.2
3044209000-3044409000 ---p 00009000 08:08 4331717                        /usr/lib64/libXcursor.so.1.0.2
3044409000-304440a000 rw-p 00009000 08:08 4331717                        /usr/lib64/libXcursor.so.1.0.2
304ce00000-304ce05000 r-xp 00000000 08:08 4334386                        /usr/lib64/libXtst.so.6.1.0
304ce05000-304d004000 ---p 00005000 08:08 4334386                        /usr/lib64/libXtst.so.6.1.0
304d004000-304d005000 rw-p 00004000 08:08 4334386                        /usr/lib64/libXtst.so.6.1.0
7fd664000000-7fd664021000 rw-p 00000000 00:00 0 
7fd664021000-7fd668000000 ---p 00000000 00:00 0 
7fd668000000-7fd668021000 rw-p 00000000 00:00 0 
7fd668021000-7fd66c000000 ---p 00000000 00:00 0 
7fd66c000000-7fd66c021000 rw-p 00000000 00:00 0 
7fd66c021000-7fd670000000 ---p 00000000 00:00 0 
7fd670000000-7fd67019b000 rw-p 00000000 00:00 0 
7fd67019b000-7fd674000000 ---p 00000000 00:00 0 
7fd674000000-7fd674021000 rw-p 00000000 00:00 0 
7fd674021000-7fd678000000 ---p 00000000 00:00 0 
7fd678000000-7fd678021000 rw-p 00000000 00:00 0 
7fd678021000-7fd67c000000 ---p 00000000 00:00 0 
7fd67c000000-7fd67c021000 rw-p 00000000 00:00 0 
7fd67c021000-7fd680000000 ---p 00000000 00:00 0 
7fd680000000-7fd680021000 rw-p 00000000 00:00 0 
7fd680021000-7fd684000000 ---p 00000000 00:00 0 
7fd684000000-7fd6841d2000 rw-p 00000000 00:00 0 
7fd6841d2000-7fd688000000 ---p 00000000 00:00 0 
7fd688000000-7fd688208000 rw-p 00000000 00:00 0 
7fd688208000-7fd68c000000 ---p 00000000 00:00 0 
7fd68c000000-7fd68c021000 rw-p 00000000 00:00 0 
7fd68c021000-7fd690000000 ---p 00000000 00:00 0 
7fd69216f000-7fd698000000 r--p 00000000 08:08 4353045                    /usr/lib/locale/locale-archive
7fd698000000-7fd698021000 rw-p 00000000 00:00 0 
7fd698021000-7fd69c000000 ---p 00000000 00:00 0 
7fd69c000000-7fd69c021000 rw-p 00000000 00:00 0 
7fd69c021000-7fd6a0000000 ---p 00000000 00:00 0 
7fd6a0000000-7fd6a0021000 rw-p 00000000 00:00 0 
7fd6a0021000-7fd6a4000000 ---p 00000000 00:00 0 
7fd6a4000000-7fd6a4021000 rw-p 00000000 00:00 0 
7fd6a4021000-7fd6a8000000 ---p 00000000 00:00 0 
7fd6a8000000-7fd6a8021000 rw-p 00000000 00:00 0 
7fd6a8021000-7fd6ac000000 ---p 00000000 00:00 0 
7fd6ade67000-7fd6ae0ae000 rw-p 00000000 00:00 0 
7fd6ae0ae000-7fd6ae217000 rw-s 00000000 00:04 1212436                    /SYSV00000000 (deleted)
7fd6ae217000-7fd6ae21a000 ---p 00000000 00:00 0 
7fd6ae21a000-7fd6ae318000 rw-p 00000000 00:00 0 
7fd6ae38e000-7fd6ae391000 ---p 00000000 00:00 0 
7fd6ae391000-7fd6ae48f000 rw-p 00000000 00:00 0 
7fd6ae48f000-7fd6ae4f8000 r-xp 00000000 08:08 1311135                    /opt/JDK/jdk1.7.0_67/jre/lib/amd64/libt2k.so
7fd6ae4f8000-7fd6ae6f7000 ---p 00069000 08:08 1311135                    /opt/JDK/jdk1.7.0_67/jre/lib/amd64/libt2k.so
7fd6ae6f7000-7fd6ae6fe000 rw-p 00068000 08:08 1311135                    /opt/JDK/jdk1.7.0_67/jre/lib/amd64/libt2k.so
7fd6ae6fe000-7fd6ae70e000 rw-p 00000000 00:00 0 
7fd6ae70e000-7fd6ae71e000 r-xp 00000000 08:08 1311127                    /opt/JDK/jdk1.7.0_67/jre/lib/amd64/libnio.so
7fd6ae71e000-7fd6ae91e000 ---p 00010000 08:08 1311127                    /opt/JDK/jdk1.7.0_67/jre/lib/amd64/libnio.so
7fd6ae91e000-7fd6ae91f000 rw-p 00010000 08:08 1311127                    /opt/JDK/jdk1.7.0_67/jre/lib/amd64/libnio.so
7fd6ae91f000-7fd6ae935000 r-xp 00000000 08:08 1311126                    /opt/JDK/jdk1.7.0_67/jre/lib/amd64/libnet.so
7fd6ae935000-7fd6aeb35000 ---p 00016000 08:08 1311126                    /opt/JDK/jdk1.7.0_67/jre/lib/amd64/libnet.so
7fd6aeb35000-7fd6aeb36000 rw-p 00016000 08:08 1311126                    /opt/JDK/jdk1.7.0_67/jre/lib/amd64/libnet.so
7fd6aeb36000-7fd6aeb9b000 r-xp 00000000 08:08 1311098                    /opt/JDK/jdk1.7.0_67/jre/lib/amd64/libfontmanager.so
7fd6aeb9b000-7fd6aed9a000 ---p 00065000 08:08 1311098                    /opt/JDK/jdk1.7.0_67/jre/lib/amd64/libfontmanager.so
7fd6aed9a000-7fd6aed9e000 rw-p 00064000 08:08 1311098                    /opt/JDK/jdk1.7.0_67/jre/lib/amd64/libfontmanager.so
7fd6aed9e000-7fd6aedaf000 rw-p 00000000 00:00 0 
7fd6aedaf000-7fd6aedb2000 ---p 00000000 00:00 0 
7fd6aedb2000-7fd6aeeb0000 rw-p 00000000 00:00 0 
7fd6aeeb0000-7fd6aeeb3000 ---p 00000000 00:00 0 
7fd6aeeb3000-7fd6aefb1000 rw-p 00000000 00:00 0 
7fd6aefb1000-7fd6aefb4000 ---p 00000000 00:00 0 
7fd6aefb4000-7fd6af0b2000 rw-p 00000000 00:00 0 
7fd6af0b2000-7fd6af0b5000 ---p 00000000 00:00 0 
7fd6af0b5000-7fd6af1b3000 rw-p 00000000 00:00 0 
7fd6af1b3000-7fd6af203000 r-xp 00000000 08:08 1311143                    /opt/JDK/jdk1.7.0_67/jre/lib/amd64/xawt/libmawt.so
7fd6af203000-7fd6af403000 ---p 00050000 08:08 1311143                    /opt/JDK/jdk1.7.0_67/jre/lib/amd64/xawt/libmawt.so
7fd6af403000-7fd6af407000 rw-p 00050000 08:08 1311143                    /opt/JDK/jdk1.7.0_67/jre/lib/amd64/xawt/libmawt.so
7fd6af407000-7fd6af408000 rw-p 00000000 00:00 0 
7fd6af408000-7fd6af4aa000 r-xp 00000000 08:08 1311094                    /opt/JDK/jdk1.7.0_67/jre/lib/amd64/libawt.so
7fd6af4aa000-7fd6af6aa000 ---p 000a2000 08:08 1311094                    /opt/JDK/jdk1.7.0_67/jre/lib/amd64/libawt.so
7fd6af6aa000-7fd6af6b6000 rw-p 000a2000 08:08 1311094                    /opt/JDK/jdk1.7.0_67/jre/lib/amd64/libawt.so
7fd6af6b6000-7fd6af6da000 rw-p 00000000 00:00 0 
7fd6af6da000-7fd6af6e1000 r--s 00094000 00:18 30936023                   /home/mbbx9mg3/NetBeansProjects/third_year_project/third_year_project/dist/lib/.nfs0000000001d80bd700000020
7fd6af6e1000-7fd6af6ea000 r--s 000e2000 00:18 30936022                   /home/mbbx9mg3/NetBeansProjects/third_year_project/third_year_project/dist/lib/.nfs0000000001d80bd60000001f
7fd6af6ea000-7fd6af6f5000 r--s 0037c000 08:08 1311147                    /opt/JDK/jdk1.7.0_67/jre/lib/charsets.jar
7fd6af6f5000-7fd6af6f7000 r--s 00038000 00:18 30933548                   /home/mbbx9mg3/NetBeansProjects/third_year_project/third_year_project/dist/TestClientServer.jar
7fd6af6f7000-7fd6af6f8000 ---p 00000000 00:00 0 
7fd6af6f8000-7fd6af7f8000 rw-p 00000000 00:00 0 
7fd6af7f8000-7fd6af7fb000 ---p 00000000 00:00 0 
7fd6af7fb000-7fd6af8f9000 rw-p 00000000 00:00 0 
7fd6af8f9000-7fd6af8fc000 ---p 00000000 00:00 0 
7fd6af8fc000-7fd6af9fa000 rw-p 00000000 00:00 0 
7fd6af9fa000-7fd6af9fd000 ---p 00000000 00:00 0 
7fd6af9fd000-7fd6afafb000 rw-p 00000000 00:00 0 
7fd6afafb000-7fd6afafe000 ---p 00000000 00:00 0 
7fd6afafe000-7fd6afbfc000 rw-p 00000000 00:00 0 
7fd6afbfc000-7fd6afbff000 ---p 00000000 00:00 0 
7fd6afbff000-7fd6afcfd000 rw-p 00000000 00:00 0 
7fd6afcfd000-7fd6afd00000 ---p 00000000 00:00 0 
7fd6afd00000-7fd6afdfe000 rw-p 00000000 00:00 0 
7fd6afdfe000-7fd6afdff000 ---p 00000000 00:00 0 
7fd6afdff000-7fd6b0000000 rw-p 00000000 00:00 0 
7fd6b0000000-7fd6b0021000 rw-p 00000000 00:00 0 
7fd6b0021000-7fd6b4000000 ---p 00000000 00:00 0 
7fd6b4040000-7fd6b8000000 rw-p 00000000 00:00 0 
7fd6b8000000-7fd6b8021000 rw-p 00000000 00:00 0 
7fd6b8021000-7fd6bc000000 ---p 00000000 00:00 0 
7fd6bc044000-7fd6bce41000 rw-p 00000000 00:00 0 
7fd6bce41000-7fd6bd000000 r--s 039e5000 08:08 1311383                    /opt/JDK/jdk1.7.0_67/jre/lib/rt.jar
7fd6bd000000-7fd6bd270000 rwxp 00000000 00:00 0 
7fd6bd270000-7fd6c0303000 rw-p 00000000 00:00 0 
7fd6c0303000-7fd6c4000000 ---p 00000000 00:00 0 
7fd6c4068000-7fd6c46b7000 rw-p 00000000 00:00 0 
7fd6c46b7000-7fd6c46b8000 ---p 00000000 00:00 0 
7fd6c46b8000-7fd6c47b8000 rw-p 00000000 00:00 0 
7fd6c47b8000-7fd6c47b9000 ---p 00000000 00:00 0 
7fd6c47b9000-7fd6c48b9000 rw-p 00000000 00:00 0 
7fd6c48b9000-7fd6c48ba000 ---p 00000000 00:00 0 
7fd6c48ba000-7fd6c49ba000 rw-p 00000000 00:00 0 
7fd6c49ba000-7fd6c49bb000 ---p 00000000 00:00 0 
7fd6c49bb000-7fd6c4ac6000 rw-p 00000000 00:00 0 
7fd6c4ac6000-7fd6c4ae4000 rw-p 00000000 00:00 0 
7fd6c4ae4000-7fd6c4b0d000 rw-p 00000000 00:00 0 
7fd6c4b0d000-7fd6c4d71000 rw-p 00000000 00:00 0 
7fd6c4d71000-7fd6c4d7c000 rw-p 00000000 00:00 0 
7fd6c4d7c000-7fd6c4d9a000 rw-p 00000000 00:00 0 
7fd6c4d9a000-7fd6c4dc3000 rw-p 00000000 00:00 0 
7fd6c4dc3000-7fd6c5026000 rw-p 00000000 00:00 0 
7fd6c5026000-7fd6c503b000 rw-p 00000000 00:00 0 
7fd6c503b000-7fd6c516d000 rw-p 00000000 00:00 0 
7fd6c516d000-7fd6c5178000 rw-p 00000000 00:00 0 
7fd6c5178000-7fd6c522e000 rw-p 00000000 00:00 0 
7fd6c522e000-7fd6c5248000 r-xp 00000000 08:08 1311138                    /opt/JDK/jdk1.7.0_67/jre/lib/amd64/libzip.so
7fd6c5248000-7fd6c5448000 ---p 0001a000 08:08 1311138                    /opt/JDK/jdk1.7.0_67/jre/lib/amd64/libzip.so
7fd6c5448000-7fd6c5449000 rw-p 0001a000 08:08 1311138                    /opt/JDK/jdk1.7.0_67/jre/lib/amd64/libzip.so
7fd6c5449000-7fd6c5ac7000 r--s 00000000 08:06 2153                       /var/lib/sss/mc/passwd
7fd6c5ac7000-7fd6c5ace000 r-xp 00000000 08:08 2375732                    /lib64/libnss_sss.so.2
7fd6c5ace000-7fd6c5ccd000 ---p 00007000 08:08 2375732                    /lib64/libnss_sss.so.2
7fd6c5ccd000-7fd6c5cce000 rw-p 00006000 08:08 2375732                    /lib64/libnss_sss.so.2
7fd6c5cce000-7fd6c5cda000 r-xp 00000000 08:08 2359357                    /lib64/libnss_files-2.12.so
7fd6c5cda000-7fd6c5eda000 ---p 0000c000 08:08 2359357                    /lib64/libnss_files-2.12.so
7fd6c5eda000-7fd6c5edb000 r--p 0000c000 08:08 2359357                    /lib64/libnss_files-2.12.so
7fd6c5edb000-7fd6c5edc000 rw-p 0000d000 08:08 2359357                    /lib64/libnss_files-2.12.so
7fd6c5f00000-7fd6c5f29000 r-xp 00000000 08:08 1311108                    /opt/JDK/jdk1.7.0_67/jre/lib/amd64/libjava.so
7fd6c5f29000-7fd6c6129000 ---p 00029000 08:08 1311108                    /opt/JDK/jdk1.7.0_67/jre/lib/amd64/libjava.so
7fd6c6129000-7fd6c612b000 rw-p 00029000 08:08 1311108                    /opt/JDK/jdk1.7.0_67/jre/lib/amd64/libjava.so
7fd6c612b000-7fd6c6138000 r-xp 00000000 08:08 1311137                    /opt/JDK/jdk1.7.0_67/jre/lib/amd64/libverify.so
7fd6c6138000-7fd6c6337000 ---p 0000d000 08:08 1311137                    /opt/JDK/jdk1.7.0_67/jre/lib/amd64/libverify.so
7fd6c6337000-7fd6c6339000 rw-p 0000c000 08:08 1311137                    /opt/JDK/jdk1.7.0_67/jre/lib/amd64/libverify.so
7fd6c6339000-7fd6c633c000 ---p 00000000 00:00 0 
7fd6c633c000-7fd6c643a000 rw-p 00000000 00:00 0 
7fd6c643a000-7fd6c6faa000 r-xp 00000000 08:08 1311142                    /opt/JDK/jdk1.7.0_67/jre/lib/amd64/server/libjvm.so
7fd6c6faa000-7fd6c71a9000 ---p 00b70000 08:08 1311142                    /opt/JDK/jdk1.7.0_67/jre/lib/amd64/server/libjvm.so
7fd6c71a9000-7fd6c726e000 rw-p 00b6f000 08:08 1311142                    /opt/JDK/jdk1.7.0_67/jre/lib/amd64/server/libjvm.so
7fd6c726e000-7fd6c72b1000 rw-p 00000000 00:00 0 
7fd6c72b1000-7fd6c72c7000 r-xp 00000000 08:08 1311857                    /opt/JDK/jdk1.7.0_67/lib/amd64/jli/libjli.so
7fd6c72c7000-7fd6c74c7000 ---p 00016000 08:08 1311857                    /opt/JDK/jdk1.7.0_67/lib/amd64/jli/libjli.so
7fd6c74c7000-7fd6c74c8000 rw-p 00016000 08:08 1311857                    /opt/JDK/jdk1.7.0_67/lib/amd64/jli/libjli.so
7fd6c74c8000-7fd6c74c9000 rw-p 00000000 00:00 0 
7fd6c74d3000-7fd6c74d4000 rw-p 00000000 00:00 0 
7fd6c74d4000-7fd6c74de000 r--s 00251000 08:08 1311382                    /opt/JDK/jdk1.7.0_67/jre/lib/resources.jar
7fd6c74de000-7fd6c74e2000 r--s 0008a000 08:08 1311319                    /opt/JDK/jdk1.7.0_67/jre/lib/jsse.jar
7fd6c74e2000-7fd6c74e3000 r--p 00000000 08:08 4326067                    /usr/share/locale/en_GB/LC_MESSAGES/libc.mo
7fd6c74e3000-7fd6c74eb000 rw-s 00000000 08:03 21                         /tmp/hsperfdata_mbbx9mg3/9999
7fd6c74eb000-7fd6c74ec000 rw-p 00000000 00:00 0 
7fd6c74ec000-7fd6c74ed000 r--p 00000000 00:00 0 
7fd6c74ed000-7fd6c74ee000 rw-p 00000000 00:00 0 
7fff04ea7000-7fff04ebf000 rw-p 00000000 00:00 0                          [stack]
7fff04fff000-7fff05000000 r-xp 00000000 00:00 0                          [vdso]
ffffffffff600000-ffffffffff601000 r-xp 00000000 00:00 0                  [vsyscall]

VM Arguments:
java_command: Client.MyClient
Launcher Type: SUN_STANDARD

Environment Variables:
JAVA_HOME=/opt/JDK/jdk1.7.0_67
PATH=/usr/lib64/qt-3.3/bin:/opt/JDK/jdk1.7.0_67/bin:/usr/local/bin:/bin:/usr/bin:/usr/local/sbin:/usr/sbin:/sbin:/opt/go/bin:/opt/morphy/bin:/opt/novell/iprint/bin:/opt/paraview/ParaView-4.0.1-Linux-64bit/bin:/opt/teaching/bin:/opt/scripts:/opt/common/bin:/usr/games:/home/mbbx9mg3/bin:.:/home/mbbx9mg3/bin:/opt/novell/iprint/bin
SHELL=/bin/bash
DISPLAY=:0
OS=Linux

Signal Handlers:
SIGSEGV: [libjvm.so+0x99f4a0], sa_mask[0]=0x7ffbfeff, sa_flags=0x10000004
SIGBUS: [libjvm.so+0x99f4a0], sa_mask[0]=0x7ffbfeff, sa_flags=0x10000004
SIGFPE: [libjvm.so+0x81a860], sa_mask[0]=0x7ffbfeff, sa_flags=0x10000004
SIGPIPE: [libjvm.so+0x81a860], sa_mask[0]=0x7ffbfeff, sa_flags=0x10000004
SIGXFSZ: [libjvm.so+0x81a860], sa_mask[0]=0x7ffbfeff, sa_flags=0x10000004
SIGILL: [libjvm.so+0x81a860], sa_mask[0]=0x7ffbfeff, sa_flags=0x10000004
SIGUSR1: SIG_DFL, sa_mask[0]=0x00000000, sa_flags=0x00000000
SIGUSR2: [libjvm.so+0x81c060], sa_mask[0]=0x00000000, sa_flags=0x10000004
SIGHUP: [libjvm.so+0x81d160], sa_mask[0]=0x7ffbfeff, sa_flags=0x10000004
SIGINT: SIG_IGN, sa_mask[0]=0x00000000, sa_flags=0x00000000
SIGTERM: [libjvm.so+0x81d160], sa_mask[0]=0x7ffbfeff, sa_flags=0x10000004
SIGQUIT: [libjvm.so+0x81d160], sa_mask[0]=0x7ffbfeff, sa_flags=0x10000004


---------------  S Y S T E M  ---------------

OS:Scientific Linux release 6.2 (Carbon)

uname:Linux 2.6.32-431.23.3.el6.x86_64 #1 SMP Tue Jul 29 11:12:56 CDT 2014 x86_64
libc:glibc 2.12 NPTL 2.12 
rlimit: STACK 10240k, CORE 0k, NPROC 1024, NOFILE 4096, AS infinity
load average:0.20 0.12 0.10

/proc/meminfo:
MemTotal:        8014352 kB
MemFree:         4558184 kB
Buffers:          299832 kB
Cached:          1248772 kB
SwapCached:            0 kB
Active:          2259272 kB
Inactive:         836500 kB
Active(anon):    1545588 kB
Inactive(anon):    18100 kB
Active(file):     713684 kB
Inactive(file):   818400 kB
Unevictable:           0 kB
Mlocked:               0 kB
SwapTotal:       8191992 kB
SwapFree:        8191992 kB
Dirty:               904 kB
Writeback:             0 kB
AnonPages:       1547372 kB
Mapped:           150660 kB
Shmem:             16520 kB
Slab:             235920 kB
SReclaimable:     191480 kB
SUnreclaim:        44440 kB
KernelStack:        3784 kB
PageTables:        30684 kB
NFS_Unstable:       1056 kB
Bounce:                0 kB
WritebackTmp:          0 kB
CommitLimit:    12199168 kB
Committed_AS:    3581344 kB
VmallocTotal:   34359738367 kB
VmallocUsed:      130676 kB
VmallocChunk:   34359593980 kB
HardwareCorrupted:     0 kB
AnonHugePages:    772096 kB
HugePages_Total:       0
HugePages_Free:        0
HugePages_Rsvd:        0
HugePages_Surp:        0
Hugepagesize:       2048 kB
DirectMap4k:       61440 kB
DirectMap2M:     8286208 kB


CPU:total 4 (4 cores per cpu, 1 threads per core) family 6 model 42 stepping 7, cmov, cx8, fxsr, mmx, sse, sse2, sse3, ssse3, sse4.1, sse4.2, popcnt, avx, aes, tsc, tscinvbit

/proc/cpuinfo:
processor	: 0
vendor_id	: GenuineIntel
cpu family	: 6
model		: 42
model name	: Intel(R) Core(TM) i5-2400 CPU @ 3.10GHz
stepping	: 7
cpu MHz		: 3093.044
cache size	: 6144 KB
physical id	: 0
siblings	: 4
core id		: 0
cpu cores	: 4
apicid		: 0
initial apicid	: 0
fpu		: yes
fpu_exception	: yes
cpuid level	: 13
wp		: yes
flags		: fpu vme de pse tsc msr pae mce cx8 apic sep mtrr pge mca cmov pat pse36 clflush dts acpi mmx fxsr sse sse2 ss ht tm pbe syscall nx rdtscp lm constant_tsc arch_perfmon pebs bts rep_good xtopology nonstop_tsc aperfmperf pni pclmulqdq dtes64 monitor ds_cpl vmx smx est tm2 ssse3 cx16 xtpr pdcm pcid sse4_1 sse4_2 x2apic popcnt tsc_deadline_timer aes xsave avx lahf_lm ida arat epb xsaveopt pln pts dts tpr_shadow vnmi flexpriority ept vpid
bogomips	: 6186.08
clflush size	: 64
cache_alignment	: 64
address sizes	: 36 bits physical, 48 bits virtual
power management:

processor	: 1
vendor_id	: GenuineIntel
cpu family	: 6
model		: 42
model name	: Intel(R) Core(TM) i5-2400 CPU @ 3.10GHz
stepping	: 7
cpu MHz		: 3093.044
cache size	: 6144 KB
physical id	: 0
siblings	: 4
core id		: 1
cpu cores	: 4
apicid		: 2
initial apicid	: 2
fpu		: yes
fpu_exception	: yes
cpuid level	: 13
wp		: yes
flags		: fpu vme de pse tsc msr pae mce cx8 apic sep mtrr pge mca cmov pat pse36 clflush dts acpi mmx fxsr sse sse2 ss ht tm pbe syscall nx rdtscp lm constant_tsc arch_perfmon pebs bts rep_good xtopology nonstop_tsc aperfmperf pni pclmulqdq dtes64 monitor ds_cpl vmx smx est tm2 ssse3 cx16 xtpr pdcm pcid sse4_1 sse4_2 x2apic popcnt tsc_deadline_timer aes xsave avx lahf_lm ida arat epb xsaveopt pln pts dts tpr_shadow vnmi flexpriority ept vpid
bogomips	: 6186.08
clflush size	: 64
cache_alignment	: 64
address sizes	: 36 bits physical, 48 bits virtual
power management:

processor	: 2
vendor_id	: GenuineIntel
cpu family	: 6
model		: 42
model name	: Intel(R) Core(TM) i5-2400 CPU @ 3.10GHz
stepping	: 7
cpu MHz		: 3093.044
cache size	: 6144 KB
physical id	: 0
siblings	: 4
core id		: 2
cpu cores	: 4
apicid		: 4
initial apicid	: 4
fpu		: yes
fpu_exception	: yes
cpuid level	: 13
wp		: yes
flags		: fpu vme de pse tsc msr pae mce cx8 apic sep mtrr pge mca cmov pat pse36 clflush dts acpi mmx fxsr sse sse2 ss ht tm pbe syscall nx rdtscp lm constant_tsc arch_perfmon pebs bts rep_good xtopology nonstop_tsc aperfmperf pni pclmulqdq dtes64 monitor ds_cpl vmx smx est tm2 ssse3 cx16 xtpr pdcm pcid sse4_1 sse4_2 x2apic popcnt tsc_deadline_timer aes xsave avx lahf_lm ida arat epb xsaveopt pln pts dts tpr_shadow vnmi flexpriority ept vpid
bogomips	: 6186.08
clflush size	: 64
cache_alignment	: 64
address sizes	: 36 bits physical, 48 bits virtual
power management:

processor	: 3
vendor_id	: GenuineIntel
cpu family	: 6
model		: 42
model name	: Intel(R) Core(TM) i5-2400 CPU @ 3.10GHz
stepping	: 7
cpu MHz		: 3093.044
cache size	: 6144 KB
physical id	: 0
siblings	: 4
core id		: 3
cpu cores	: 4
apicid		: 6
initial apicid	: 6
fpu		: yes
fpu_exception	: yes
cpuid level	: 13
wp		: yes
flags		: fpu vme de pse tsc msr pae mce cx8 apic sep mtrr pge mca cmov pat pse36 clflush dts acpi mmx fxsr sse sse2 ss ht tm pbe syscall nx rdtscp lm constant_tsc arch_perfmon pebs bts rep_good xtopology nonstop_tsc aperfmperf pni pclmulqdq dtes64 monitor ds_cpl vmx smx est tm2 ssse3 cx16 xtpr pdcm pcid sse4_1 sse4_2 x2apic popcnt tsc_deadline_timer aes xsave avx lahf_lm ida arat epb xsaveopt pln pts dts tpr_shadow vnmi flexpriority ept vpid
bogomips	: 6186.08
clflush size	: 64
cache_alignment	: 64
address sizes	: 36 bits physical, 48 bits virtual
power management:



Memory: 4k page, physical 8014352k(4558184k free), swap 8191992k(8191992k free)

vm_info: Java HotSpot(TM) 64-Bit Server VM (24.65-b04) for linux-amd64 JRE (1.7.0_67-b01), built on Jul 25 2014 09:20:21 by "java_re" with gcc 4.3.0 20080428 (Red Hat 4.3.0-8)

time: Sun Feb 15 16:29:44 2015
elapsed time: 493 seconds

