#
# A fatal error has been detected by the Java Runtime Environment:
#
#  SIGSEGV (0xb) at pc=0x000000303de897cb, pid=19117, tid=140278888011520
#
# JRE version: Java(TM) SE Runtime Environment (7.0_67-b01) (build 1.7.0_67-b01)
# Java VM: Java HotSpot(TM) 64-Bit Server VM (24.65-b04 mixed mode linux-amd64 compressed oops)
# Problematic frame:
# C  [libc.so.6+0x897cb]  memcpy+0x15b
#
# Failed to write core dump. Core dumps have been disabled. To enable core dumping, try "ulimit -c unlimited" before starting Java again
#
# If you would like to submit a bug report, please visit:
#   http://bugreport.sun.com/bugreport/crash.jsp
# The crash happened outside the Java Virtual Machine in native code.
# See problematic frame for where to report the bug.
#

---------------  T H R E A D  ---------------

Current thread (0x00007f9534009000):  JavaThread "main" [_thread_in_native, id=19119, stack(0x00007f95393a1000,0x00007f95394a2000)]

siginfo:si_signo=SIGSEGV: si_errno=0, si_code=2 (SEGV_ACCERR), si_addr=0x00007f9526865000

Registers:
RAX=0x00000000000000aa, RBX=0x0000000000005073, RCX=0x000000000000059b, RDX=0x000000000000506f
RSP=0x00007f953949c7d8, RBP=0x00007f953949c830, RSI=0x00007f9526865000, RDI=0x00007f95340d519c
R8 =0x00007f9534000088, R9 =0x0000000000000001, R10=0x0000000000005074, R11=0x0000000000004000
R12=0x00007f9526863ca6, R13=0x00007f95340b82d0, R14=0x000000000000014b, R15=0x00007f95340a6390
RIP=0x000000303de897cb, EFLAGS=0x0000000000010206, CSGSFS=0x0000000000000033, ERR=0x0000000000000004
  TRAPNO=0x000000000000000e

Top of Stack: (sp=0x00007f953949c7d8)
0x00007f953949c7d8:   00007f953829ab07 0000000080800c90
0x00007f953949c7e8:   14024b9500000000 0000000000005073
0x00007f953949c7f8:   00000000d546678a 00007f95340b82d0
0x00007f953949c808:   00007f95340a6a20 00007f95340a6390
0x00007f953949c818:   00007f95340b7000 000000001b305571
0x00007f953949c828:   00007f953949c890 00007f953949c870
0x00007f953949c838:   00007f953829b0b0 0000001d3949c870
0x00007f953949c848:   00007f953949c890 000000000000001d
0x00007f953949c858:   00007f95340091e8 00007f953949c890
0x00007f953949c868:   00007f953949cd68 00007f953949ccd0
0x00007f953949c878:   00007f9538299eed 010000003949c8a0
0x00007f953949c888:   00007f95340a6390 2f6567617373654d
0x00007f953949c898:   2f74736575716552 2e74736575716552
0x00007f953949c8a8:   0000007373616c63 0000000000000000
0x00007f953949c8b8:   000000303de7465e 00007f953949cfc0
0x00007f953949c8c8:   00007f953949cfb0 0000000000000000
0x00007f953949c8d8:   00007f953949d130 3949cda439e923df
0x00007f953949c8e8:   00007f953949c9c0 ffffffffffffffff
0x00007f953949c8f8:   00007f953949ce30 0000000000000000
0x00007f953949c908:   00007f953949d120 0000000039e7efaf
0x00007f953949c918:   00007f953949cda8 0000000039e7efaf
0x00007f953949c928:   0000000000000920 00007f953949cea0
0x00007f953949c938:   0000002c0013c950 3949cda839e923dd
0x00007f953949c948:   0000000a000009af 00000000000004dc
0x00007f953949c958:   0000000000000000 00007f953949cda4
0x00007f953949c968:   0000000200000000 0000000039e7ef73
0x00007f953949c978:   00007f953949cda4 00007f9539e92300
0x00007f953949c988:   00007f953949cda8 0000000000000064
0x00007f953949c998:   0000000000000000 00007f9539e8c229
0x00007f953949c9a8:   000000003949cf78 0000000000000000
0x00007f953949c9b8:   000000003949ca90 ffffffffffffffff
0x00007f953949c9c8:   00007f953949cf00 0000000000000000 

Instructions: (pc=0x000000303de897cb)
0x000000303de897ab:   fe ff ff f3 c3 4c 8b 1d 59 49 30 00 49 39 d3 4c
0x000000303de897bb:   0f 47 da 4c 89 d9 49 83 e3 f8 48 c1 e9 03 74 05
0x000000303de897cb:   f3 48 a5 66 90 4c 29 da 48 f7 c2 f8 ff ff ff 75
0x000000303de897db:   14 83 e2 07 48 8b 44 24 f8 0f 85 8f fe ff ff f3 

Register to memory mapping:

RAX=0x00000000000000aa is an unknown value
RBX=0x0000000000005073 is an unknown value
RCX=0x000000000000059b is an unknown value
RDX=0x000000000000506f is an unknown value
RSP=0x00007f953949c7d8 is pointing into the stack for thread: 0x00007f9534009000
RBP=0x00007f953949c830 is pointing into the stack for thread: 0x00007f9534009000
RSI=0x00007f9526865000 is an unknown value
RDI=0x00007f95340d519c is an unknown value
R8 =0x00007f9534000088 is an unknown value
R9 =0x0000000000000001 is an unknown value
R10=0x0000000000005074 is an unknown value
R11=0x0000000000004000 is an unknown value
R12=0x00007f9526863ca6 is an unknown value
R13=0x00007f95340b82d0 is an unknown value
R14=0x000000000000014b is an unknown value
R15=0x00007f95340a6390 is an unknown value


Stack: [0x00007f95393a1000,0x00007f95394a2000],  sp=0x00007f953949c7d8,  free space=1005k
Native frames: (J=compiled Java code, j=interpreted, Vv=VM code, C=native code)
C  [libc.so.6+0x897cb]  memcpy+0x15b
C  [libzip.so+0x50b0]  ZIP_GetEntry+0xd0
C  [libzip.so+0x3eed]  Java_java_util_zip_ZipFile_getEntry+0xad
j  java.util.zip.ZipFile.getEntry(J[BZ)J+0
j  java.util.zip.ZipFile.getEntry(Ljava/lang/String;)Ljava/util/zip/ZipEntry;+38
j  java.util.jar.JarFile.getEntry(Ljava/lang/String;)Ljava/util/zip/ZipEntry;+2
j  java.util.jar.JarFile.getJarEntry(Ljava/lang/String;)Ljava/util/jar/JarEntry;+2
j  sun.misc.URLClassPath$JarLoader.getResource(Ljava/lang/String;Z)Lsun/misc/Resource;+48
j  sun.misc.URLClassPath.getResource(Ljava/lang/String;Z)Lsun/misc/Resource;+53
j  java.net.URLClassLoader$1.run()Ljava/lang/Class;+26
j  java.net.URLClassLoader$1.run()Ljava/lang/Object;+1
v  ~StubRoutines::call_stub
V  [libjvm.so+0x5ffb65]  JavaCalls::call_helper(JavaValue*, methodHandle*, JavaCallArguments*, Thread*)+0x365
V  [libjvm.so+0x5fe5c8]  JavaCalls::call(JavaValue*, methodHandle, JavaCallArguments*, Thread*)+0x28
V  [libjvm.so+0x684ee4]  JVM_DoPrivileged+0x2a4
j  java.security.AccessController.doPrivileged(Ljava/security/PrivilegedExceptionAction;Ljava/security/AccessControlContext;)Ljava/lang/Object;+0
j  java.net.URLClassLoader.findClass(Ljava/lang/String;)Ljava/lang/Class;+13
j  java.lang.ClassLoader.loadClass(Ljava/lang/String;Z)Ljava/lang/Class;+70
j  sun.misc.Launcher$AppClassLoader.loadClass(Ljava/lang/String;Z)Ljava/lang/Class;+36
j  java.lang.ClassLoader.loadClass(Ljava/lang/String;)Ljava/lang/Class;+3
v  ~StubRoutines::call_stub
V  [libjvm.so+0x5ffb65]  JavaCalls::call_helper(JavaValue*, methodHandle*, JavaCallArguments*, Thread*)+0x365
V  [libjvm.so+0x5fe5c8]  JavaCalls::call(JavaValue*, methodHandle, JavaCallArguments*, Thread*)+0x28
V  [libjvm.so+0x5fe897]  JavaCalls::call_virtual(JavaValue*, KlassHandle, Symbol*, Symbol*, JavaCallArguments*, Thread*)+0x197
V  [libjvm.so+0x5fe966]  JavaCalls::call_virtual(JavaValue*, Handle, KlassHandle, Symbol*, Symbol*, Handle, Thread*)+0x56
V  [libjvm.so+0x922249]  SystemDictionary::load_instance_class(Symbol*, Handle, Thread*)+0x419
V  [libjvm.so+0x9229f1]  SystemDictionary::resolve_instance_class_or_null(Symbol*, Handle, Handle, Thread*)+0x791
V  [libjvm.so+0x922e54]  SystemDictionary::resolve_or_null(Symbol*, Handle, Handle, Thread*)+0x54
V  [libjvm.so+0x923f34]  SystemDictionary::resolve_or_fail(Symbol*, Handle, Handle, bool, Thread*)+0x34
V  [libjvm.so+0x982899]  VerificationType::is_reference_assignable_from(VerificationType const&, ClassVerifier*, Thread*) const+0x109
V  [libjvm.so+0x992b23]  StackMapFrame::pop_stack(VerificationType, Thread*)+0x193
V  [libjvm.so+0x989cdd]  ClassVerifier::verify_invoke_instructions(RawBytecodeStream*, unsigned int, StackMapFrame*, bool*, VerificationType, constantPoolHandle, Thread*)+0x57d
V  [libjvm.so+0x98bdbb]  ClassVerifier::verify_method(methodHandle, Thread*)+0x131b
V  [libjvm.so+0x9911ed]  ClassVerifier::verify_class(Thread*)+0x15d
V  [libjvm.so+0x9916ac]  Verifier::verify(instanceKlassHandle, Verifier::Mode, bool, Thread*)+0x36c
V  [libjvm.so+0x5bcb1d]  instanceKlass::link_class_impl(instanceKlassHandle, bool, Thread*)+0x4fd
V  [libjvm.so+0x5c2ae8]  instanceKlass::initialize_impl(instanceKlassHandle, Thread*)+0x88
V  [libjvm.so+0x5c30ea]  instanceKlass::initialize(Thread*)+0x6a
V  [libjvm.so+0x5f7bd3]  InterpreterRuntime::_new(JavaThread*, constantPoolOopDesc*, int)+0x153
j  Server.MyServer.main([Ljava/lang/String;)V+76
v  ~StubRoutines::call_stub
V  [libjvm.so+0x5ffb65]  JavaCalls::call_helper(JavaValue*, methodHandle*, JavaCallArguments*, Thread*)+0x365
V  [libjvm.so+0x5fe5c8]  JavaCalls::call(JavaValue*, methodHandle, JavaCallArguments*, Thread*)+0x28
V  [libjvm.so+0x638309]  jni_invoke_static(JNIEnv_*, JavaValue*, _jobject*, JNICallType, _jmethodID*, JNI_ArgumentPusher*, Thread*)+0x219
V  [libjvm.so+0x640f22]  jni_CallStaticVoidMethod+0x162
C  [libjli.so+0x36d9]  JavaMain+0x7e9

Java frames: (J=compiled Java code, j=interpreted, Vv=VM code)
j  java.util.zip.ZipFile.getEntry(J[BZ)J+0
j  java.util.zip.ZipFile.getEntry(Ljava/lang/String;)Ljava/util/zip/ZipEntry;+38
j  java.util.jar.JarFile.getEntry(Ljava/lang/String;)Ljava/util/zip/ZipEntry;+2
j  java.util.jar.JarFile.getJarEntry(Ljava/lang/String;)Ljava/util/jar/JarEntry;+2
j  sun.misc.URLClassPath$JarLoader.getResource(Ljava/lang/String;Z)Lsun/misc/Resource;+48
j  sun.misc.URLClassPath.getResource(Ljava/lang/String;Z)Lsun/misc/Resource;+53
j  java.net.URLClassLoader$1.run()Ljava/lang/Class;+26
j  java.net.URLClassLoader$1.run()Ljava/lang/Object;+1
v  ~StubRoutines::call_stub
j  java.security.AccessController.doPrivileged(Ljava/security/PrivilegedExceptionAction;Ljava/security/AccessControlContext;)Ljava/lang/Object;+0
j  java.net.URLClassLoader.findClass(Ljava/lang/String;)Ljava/lang/Class;+13
j  java.lang.ClassLoader.loadClass(Ljava/lang/String;Z)Ljava/lang/Class;+70
j  sun.misc.Launcher$AppClassLoader.loadClass(Ljava/lang/String;Z)Ljava/lang/Class;+36
j  java.lang.ClassLoader.loadClass(Ljava/lang/String;)Ljava/lang/Class;+3
v  ~StubRoutines::call_stub
j  Server.MyServer.main([Ljava/lang/String;)V+76
v  ~StubRoutines::call_stub

---------------  P R O C E S S  ---------------

Java Threads: ( => current thread )
  0x00007f9534096000 JavaThread "Service Thread" daemon [_thread_blocked, id=19130, stack(0x00007f9526966000,0x00007f9526a67000)]
  0x00007f9534093800 JavaThread "C2 CompilerThread1" daemon [_thread_blocked, id=19129, stack(0x00007f9526a67000,0x00007f9526b68000)]
  0x00007f9534090800 JavaThread "C2 CompilerThread0" daemon [_thread_blocked, id=19128, stack(0x00007f9526b68000,0x00007f9526c69000)]
  0x00007f953408f000 JavaThread "Signal Dispatcher" daemon [_thread_blocked, id=19127, stack(0x00007f9526c69000,0x00007f9526d6a000)]
  0x00007f953406f000 JavaThread "Finalizer" daemon [_thread_blocked, id=19126, stack(0x00007f9526d6a000,0x00007f9526e6b000)]
  0x00007f953406d000 JavaThread "Reference Handler" daemon [_thread_blocked, id=19125, stack(0x00007f9526e6b000,0x00007f9526f6c000)]
=>0x00007f9534009000 JavaThread "main" [_thread_in_native, id=19119, stack(0x00007f95393a1000,0x00007f95394a2000)]

Other Threads:
  0x00007f9534068800 VMThread [stack: 0x00007f9526f6c000,0x00007f952706d000] [id=19124]
  0x00007f95340a0800 WatcherThread [stack: 0x00007f9526865000,0x00007f9526966000] [id=19131]

VM state:not at safepoint (normal execution)

VM Mutex/Monitor currently owned by a thread: None

Heap
 PSYoungGen      total 36864K, used 1270K [0x00000000d7300000, 0x00000000d9c00000, 0x0000000100000000)
  eden space 31744K, 4% used [0x00000000d7300000,0x00000000d743d828,0x00000000d9200000)
  from space 5120K, 0% used [0x00000000d9700000,0x00000000d9700000,0x00000000d9c00000)
  to   space 5120K, 0% used [0x00000000d9200000,0x00000000d9200000,0x00000000d9700000)
 ParOldGen       total 83456K, used 0K [0x0000000085a00000, 0x000000008ab80000, 0x00000000d7300000)
  object space 83456K, 0% used [0x0000000085a00000,0x0000000085a00000,0x000000008ab80000)
 PSPermGen       total 21504K, used 2874K [0x0000000080800000, 0x0000000081d00000, 0x0000000085a00000)
  object space 21504K, 13% used [0x0000000080800000,0x0000000080ace988,0x0000000081d00000)

Card table byte_map: [0x00007f9530c03000,0x00007f9531000000] byte_map_base: 0x00007f95307ff000

Polling page: 0x00007f953a554000

Code Cache  [0x00007f9531000000, 0x00007f9531270000, 0x00007f9534000000)
 total_blobs=171 nmethods=0 adapters=140 free_code_cache=48771Kb largest_free_block=49941952

Compilation events (0 events):
No events

GC Heap History (0 events):
No events

Deoptimization events (0 events):
No events

Internal exceptions (7 events):
Event: 0.017 Thread 0x00007f9534009000 Threw 0x00000000d7310240 at /HUDSON/workspace/7u-2-build-linux-amd64/jdk7u67/1368/hotspot/src/share/vm/prims/jni.cpp:3991
Event: 0.038 Thread 0x00007f9534009000 Threw 0x00000000d7346438 at /HUDSON/workspace/7u-2-build-linux-amd64/jdk7u67/1368/hotspot/src/share/vm/prims/jvm.cpp:1244
Event: 0.046 Thread 0x00007f9534009000 Threw 0x00000000d7357bd8 at /HUDSON/workspace/7u-2-build-linux-amd64/jdk7u67/1368/hotspot/src/share/vm/prims/jvm.cpp:1244
Event: 0.046 Thread 0x00007f9534009000 Threw 0x00000000d735eb78 at /HUDSON/workspace/7u-2-build-linux-amd64/jdk7u67/1368/hotspot/src/share/vm/prims/jvm.cpp:1244
Event: 0.047 Thread 0x00007f9534009000 Threw 0x00000000d73633e0 at /HUDSON/workspace/7u-2-build-linux-amd64/jdk7u67/1368/hotspot/src/share/vm/prims/jvm.cpp:1244
Event: 0.047 Thread 0x00007f9534009000 Threw 0x00000000d7365740 at /HUDSON/workspace/7u-2-build-linux-amd64/jdk7u67/1368/hotspot/src/share/vm/prims/jvm.cpp:1244
Event: 1397.490 Thread 0x00007f9534009000 Threw 0x00000000d7370e88 at /HUDSON/workspace/7u-2-build-linux-amd64/jdk7u67/1368/hotspot/src/share/vm/prims/jvm.cpp:1244

Events (10 events):
Event: 0.050 loading class 0x00007f95340a02c0
Event: 0.050 loading class 0x00007f95340a02c0 done
Event: 0.050 loading class 0x00007f95340ad5b0
Event: 0.050 loading class 0x00007f95340ad5b0 done
Event: 0.051 loading class 0x00007f95340b5470
Event: 0.051 loading class 0x00007f95340b5470 done
Event: 4.043 Executing VM operation: EnableBiasedLocking
Event: 4.043 Executing VM operation: EnableBiasedLocking done
Event: 1397.490 loading class 0x00007f95340b5f80
Event: 1397.490 loading class 0x00007f95340b5f80 done


Dynamic libraries:
00400000-00401000 r-xp 00000000 08:08 1310963                            /opt/JDK/jdk1.7.0_67/bin/java
00600000-00601000 rw-p 00000000 08:08 1310963                            /opt/JDK/jdk1.7.0_67/bin/java
016d6000-016f7000 rw-p 00000000 00:00 0                                  [heap]
80800000-81d00000 rw-p 00000000 00:00 0 
81d00000-85a00000 rw-p 00000000 00:00 0 
85a00000-8ab80000 rw-p 00000000 00:00 0 
8ab80000-d7300000 rw-p 00000000 00:00 0 
d7300000-d9c00000 rw-p 00000000 00:00 0 
d9c00000-100000000 rw-p 00000000 00:00 0 
303da00000-303da20000 r-xp 00000000 08:08 2359371                        /lib64/ld-2.12.so
303dc1f000-303dc20000 r--p 0001f000 08:08 2359371                        /lib64/ld-2.12.so
303dc20000-303dc21000 rw-p 00020000 08:08 2359371                        /lib64/ld-2.12.so
303dc21000-303dc22000 rw-p 00000000 00:00 0 
303de00000-303df8a000 r-xp 00000000 08:08 2359404                        /lib64/libc-2.12.so
303df8a000-303e18a000 ---p 0018a000 08:08 2359404                        /lib64/libc-2.12.so
303e18a000-303e18e000 r--p 0018a000 08:08 2359404                        /lib64/libc-2.12.so
303e18e000-303e18f000 rw-p 0018e000 08:08 2359404                        /lib64/libc-2.12.so
303e18f000-303e194000 rw-p 00000000 00:00 0 
303e200000-303e283000 r-xp 00000000 08:08 2359412                        /lib64/libm-2.12.so
303e283000-303e482000 ---p 00083000 08:08 2359412                        /lib64/libm-2.12.so
303e482000-303e483000 r--p 00082000 08:08 2359412                        /lib64/libm-2.12.so
303e483000-303e484000 rw-p 00083000 08:08 2359412                        /lib64/libm-2.12.so
303e600000-303e602000 r-xp 00000000 08:08 2359407                        /lib64/libdl-2.12.so
303e602000-303e802000 ---p 00002000 08:08 2359407                        /lib64/libdl-2.12.so
303e802000-303e803000 r--p 00002000 08:08 2359407                        /lib64/libdl-2.12.so
303e803000-303e804000 rw-p 00003000 08:08 2359407                        /lib64/libdl-2.12.so
303ea00000-303ea17000 r-xp 00000000 08:08 2359411                        /lib64/libpthread-2.12.so
303ea17000-303ec17000 ---p 00017000 08:08 2359411                        /lib64/libpthread-2.12.so
303ec17000-303ec18000 r--p 00017000 08:08 2359411                        /lib64/libpthread-2.12.so
303ec18000-303ec19000 rw-p 00018000 08:08 2359411                        /lib64/libpthread-2.12.so
303ec19000-303ec1d000 rw-p 00000000 00:00 0 
303f200000-303f207000 r-xp 00000000 08:08 2359662                        /lib64/librt-2.12.so
303f207000-303f406000 ---p 00007000 08:08 2359662                        /lib64/librt-2.12.so
303f406000-303f407000 r--p 00006000 08:08 2359662                        /lib64/librt-2.12.so
303f407000-303f408000 rw-p 00007000 08:08 2359662                        /lib64/librt-2.12.so
7f94ec000000-7f94ec021000 rw-p 00000000 00:00 0 
7f94ec021000-7f94f0000000 ---p 00000000 00:00 0 
7f94f0000000-7f94f0021000 rw-p 00000000 00:00 0 
7f94f0021000-7f94f4000000 ---p 00000000 00:00 0 
7f94f4000000-7f94f4021000 rw-p 00000000 00:00 0 
7f94f4021000-7f94f8000000 ---p 00000000 00:00 0 
7f94f8000000-7f94f8021000 rw-p 00000000 00:00 0 
7f94f8021000-7f94fc000000 ---p 00000000 00:00 0 
7f94fc000000-7f94fc021000 rw-p 00000000 00:00 0 
7f94fc021000-7f9500000000 ---p 00000000 00:00 0 
7f950216f000-7f9508000000 r--p 00000000 08:08 4353045                    /usr/lib/locale/locale-archive
7f9508000000-7f9508021000 rw-p 00000000 00:00 0 
7f9508021000-7f950c000000 ---p 00000000 00:00 0 
7f950c000000-7f950c021000 rw-p 00000000 00:00 0 
7f950c021000-7f9510000000 ---p 00000000 00:00 0 
7f9510000000-7f9510021000 rw-p 00000000 00:00 0 
7f9510021000-7f9514000000 ---p 00000000 00:00 0 
7f9514000000-7f9514021000 rw-p 00000000 00:00 0 
7f9514021000-7f9518000000 ---p 00000000 00:00 0 
7f9518000000-7f9518021000 rw-p 00000000 00:00 0 
7f9518021000-7f951c000000 ---p 00000000 00:00 0 
7f9520000000-7f9520021000 rw-p 00000000 00:00 0 
7f9520021000-7f9524000000 ---p 00000000 00:00 0 
7f9526404000-7f952664b000 rw-p 00000000 00:00 0 
7f952664b000-7f9526661000 r-xp 00000000 08:08 1311126                    /opt/JDK/jdk1.7.0_67/jre/lib/amd64/libnet.so
7f9526661000-7f9526861000 ---p 00016000 08:08 1311126                    /opt/JDK/jdk1.7.0_67/jre/lib/amd64/libnet.so
7f9526861000-7f9526862000 rw-p 00016000 08:08 1311126                    /opt/JDK/jdk1.7.0_67/jre/lib/amd64/libnet.so
7f9526862000-7f9526865000 r--s 0014e000 00:18 30546803                   /home/mbbx9mg3/NetBeansProjects/third_year_project/third_year_project/dist/TestClientServer.jar
7f9526865000-7f9526866000 ---p 00000000 00:00 0 
7f9526866000-7f9526966000 rw-p 00000000 00:00 0 
7f9526966000-7f9526969000 ---p 00000000 00:00 0 
7f9526969000-7f9526a67000 rw-p 00000000 00:00 0 
7f9526a67000-7f9526a6a000 ---p 00000000 00:00 0 
7f9526a6a000-7f9526b68000 rw-p 00000000 00:00 0 
7f9526b68000-7f9526b6b000 ---p 00000000 00:00 0 
7f9526b6b000-7f9526c69000 rw-p 00000000 00:00 0 
7f9526c69000-7f9526c6c000 ---p 00000000 00:00 0 
7f9526c6c000-7f9526d6a000 rw-p 00000000 00:00 0 
7f9526d6a000-7f9526d6d000 ---p 00000000 00:00 0 
7f9526d6d000-7f9526e6b000 rw-p 00000000 00:00 0 
7f9526e6b000-7f9526e6e000 ---p 00000000 00:00 0 
7f9526e6e000-7f9526f6c000 rw-p 00000000 00:00 0 
7f9526f6c000-7f9526f6d000 ---p 00000000 00:00 0 
7f9526f6d000-7f9528000000 rw-p 00000000 00:00 0 
7f9528000000-7f9528021000 rw-p 00000000 00:00 0 
7f9528021000-7f952c000000 ---p 00000000 00:00 0 
7f952c005000-7f952c082000 rw-p 00000000 00:00 0 
7f952c082000-7f952c241000 r--s 039e5000 08:08 1311383                    /opt/JDK/jdk1.7.0_67/jre/lib/rt.jar
7f952c241000-7f9530673000 rw-p 00000000 00:00 0 
7f9530673000-7f9530674000 ---p 00000000 00:00 0 
7f9530674000-7f9530774000 rw-p 00000000 00:00 0 
7f9530774000-7f9530775000 ---p 00000000 00:00 0 
7f9530775000-7f9530875000 rw-p 00000000 00:00 0 
7f9530875000-7f9530876000 ---p 00000000 00:00 0 
7f9530876000-7f953099f000 rw-p 00000000 00:00 0 
7f953099f000-7f9530c03000 rw-p 00000000 00:00 0 
7f9530c03000-7f9530c0e000 rw-p 00000000 00:00 0 
7f9530c0e000-7f9530c2c000 rw-p 00000000 00:00 0 
7f9530c2c000-7f9530c55000 rw-p 00000000 00:00 0 
7f9530c55000-7f9530eb8000 rw-p 00000000 00:00 0 
7f9530eb8000-7f9530ecd000 rw-p 00000000 00:00 0 
7f9530ecd000-7f9530fff000 rw-p 00000000 00:00 0 
7f9530fff000-7f9531000000 rw-p 00000000 00:00 0 
7f9531000000-7f9531270000 rwxp 00000000 00:00 0 
7f9531270000-7f95340e2000 rw-p 00000000 00:00 0 
7f95340e2000-7f9538000000 ---p 00000000 00:00 0 
7f9538001000-7f95380ac000 rw-p 00000000 00:00 0 
7f95380ac000-7f95380ad000 ---p 00000000 00:00 0 
7f95380ad000-7f95381b8000 rw-p 00000000 00:00 0 
7f95381b8000-7f95381d6000 rw-p 00000000 00:00 0 
7f95381d6000-7f95381e0000 rw-p 00000000 00:00 0 
7f95381e0000-7f9538296000 rw-p 00000000 00:00 0 
7f9538296000-7f95382b0000 r-xp 00000000 08:08 1311138                    /opt/JDK/jdk1.7.0_67/jre/lib/amd64/libzip.so
7f95382b0000-7f95384b0000 ---p 0001a000 08:08 1311138                    /opt/JDK/jdk1.7.0_67/jre/lib/amd64/libzip.so
7f95384b0000-7f95384b1000 rw-p 0001a000 08:08 1311138                    /opt/JDK/jdk1.7.0_67/jre/lib/amd64/libzip.so
7f95384b1000-7f9538b2f000 r--s 00000000 08:06 2153                       /var/lib/sss/mc/passwd
7f9538b2f000-7f9538b36000 r-xp 00000000 08:08 2375732                    /lib64/libnss_sss.so.2
7f9538b36000-7f9538d35000 ---p 00007000 08:08 2375732                    /lib64/libnss_sss.so.2
7f9538d35000-7f9538d36000 rw-p 00006000 08:08 2375732                    /lib64/libnss_sss.so.2
7f9538d36000-7f9538d42000 r-xp 00000000 08:08 2359357                    /lib64/libnss_files-2.12.so
7f9538d42000-7f9538f42000 ---p 0000c000 08:08 2359357                    /lib64/libnss_files-2.12.so
7f9538f42000-7f9538f43000 r--p 0000c000 08:08 2359357                    /lib64/libnss_files-2.12.so
7f9538f43000-7f9538f44000 rw-p 0000d000 08:08 2359357                    /lib64/libnss_files-2.12.so
7f9538f47000-7f9538f68000 rw-p 00000000 00:00 0 
7f9538f68000-7f9538f91000 r-xp 00000000 08:08 1311108                    /opt/JDK/jdk1.7.0_67/jre/lib/amd64/libjava.so
7f9538f91000-7f9539191000 ---p 00029000 08:08 1311108                    /opt/JDK/jdk1.7.0_67/jre/lib/amd64/libjava.so
7f9539191000-7f9539193000 rw-p 00029000 08:08 1311108                    /opt/JDK/jdk1.7.0_67/jre/lib/amd64/libjava.so
7f9539193000-7f95391a0000 r-xp 00000000 08:08 1311137                    /opt/JDK/jdk1.7.0_67/jre/lib/amd64/libverify.so
7f95391a0000-7f953939f000 ---p 0000d000 08:08 1311137                    /opt/JDK/jdk1.7.0_67/jre/lib/amd64/libverify.so
7f953939f000-7f95393a1000 rw-p 0000c000 08:08 1311137                    /opt/JDK/jdk1.7.0_67/jre/lib/amd64/libverify.so
7f95393a1000-7f95393a4000 ---p 00000000 00:00 0 
7f95393a4000-7f95394a2000 rw-p 00000000 00:00 0 
7f95394a2000-7f953a012000 r-xp 00000000 08:08 1311142                    /opt/JDK/jdk1.7.0_67/jre/lib/amd64/server/libjvm.so
7f953a012000-7f953a211000 ---p 00b70000 08:08 1311142                    /opt/JDK/jdk1.7.0_67/jre/lib/amd64/server/libjvm.so
7f953a211000-7f953a2d6000 rw-p 00b6f000 08:08 1311142                    /opt/JDK/jdk1.7.0_67/jre/lib/amd64/server/libjvm.so
7f953a2d6000-7f953a319000 rw-p 00000000 00:00 0 
7f953a319000-7f953a32f000 r-xp 00000000 08:08 1311857                    /opt/JDK/jdk1.7.0_67/lib/amd64/jli/libjli.so
7f953a32f000-7f953a52f000 ---p 00016000 08:08 1311857                    /opt/JDK/jdk1.7.0_67/lib/amd64/jli/libjli.so
7f953a52f000-7f953a530000 rw-p 00016000 08:08 1311857                    /opt/JDK/jdk1.7.0_67/lib/amd64/jli/libjli.so
7f953a530000-7f953a531000 rw-p 00000000 00:00 0 
7f953a54a000-7f953a54b000 rw-p 00000000 00:00 0 
7f953a54b000-7f953a553000 rw-s 00000000 08:03 17                         /tmp/hsperfdata_mbbx9mg3/19117
7f953a553000-7f953a554000 rw-p 00000000 00:00 0 
7f953a554000-7f953a555000 r--p 00000000 00:00 0 
7f953a555000-7f953a556000 rw-p 00000000 00:00 0 
7fff38807000-7fff3881f000 rw-p 00000000 00:00 0                          [stack]
7fff38825000-7fff38826000 r-xp 00000000 00:00 0                          [vdso]
ffffffffff600000-ffffffffff601000 r-xp 00000000 00:00 0                  [vsyscall]

VM Arguments:
java_command: Server.MyServer
Launcher Type: SUN_STANDARD

Environment Variables:
JAVA_HOME=/opt/JDK/jdk1.7.0_67
PATH=/usr/lib64/qt-3.3/bin:/opt/JDK/jdk1.7.0_67/bin:/usr/local/bin:/bin:/usr/bin:/usr/local/sbin:/usr/sbin:/sbin:/opt/go/bin:/opt/morphy/bin:/opt/novell/iprint/bin:/opt/paraview/ParaView-4.0.1-Linux-64bit/bin:/opt/teaching/bin:/opt/scripts:/opt/common/bin:/usr/games:/home/mbbx9mg3/bin:.:/home/mbbx9mg3/bin:/opt/novell/iprint/bin
SHELL=/bin/bash
DISPLAY=:0
OS=Linux

Signal Handlers:
SIGSEGV: [libjvm.so+0x99f4a0], sa_mask[0]=0x7ffbfeff, sa_flags=0x10000004
SIGBUS: [libjvm.so+0x99f4a0], sa_mask[0]=0x7ffbfeff, sa_flags=0x10000004
SIGFPE: [libjvm.so+0x81a860], sa_mask[0]=0x7ffbfeff, sa_flags=0x10000004
SIGPIPE: [libjvm.so+0x81a860], sa_mask[0]=0x7ffbfeff, sa_flags=0x10000004
SIGXFSZ: [libjvm.so+0x81a860], sa_mask[0]=0x7ffbfeff, sa_flags=0x10000004
SIGILL: [libjvm.so+0x81a860], sa_mask[0]=0x7ffbfeff, sa_flags=0x10000004
SIGUSR1: SIG_DFL, sa_mask[0]=0x00000000, sa_flags=0x00000000
SIGUSR2: [libjvm.so+0x81c060], sa_mask[0]=0x00000000, sa_flags=0x10000004
SIGHUP: [libjvm.so+0x81d160], sa_mask[0]=0x7ffbfeff, sa_flags=0x10000004
SIGINT: SIG_IGN, sa_mask[0]=0x00000000, sa_flags=0x00000000
SIGTERM: [libjvm.so+0x81d160], sa_mask[0]=0x7ffbfeff, sa_flags=0x10000004
SIGQUIT: [libjvm.so+0x81d160], sa_mask[0]=0x7ffbfeff, sa_flags=0x10000004


---------------  S Y S T E M  ---------------

OS:Scientific Linux release 6.2 (Carbon)

uname:Linux 2.6.32-431.23.3.el6.x86_64 #1 SMP Tue Jul 29 11:12:56 CDT 2014 x86_64
libc:glibc 2.12 NPTL 2.12 
rlimit: STACK 10240k, CORE 0k, NPROC 1024, NOFILE 4096, AS infinity
load average:0.09 0.11 0.16

/proc/meminfo:
MemTotal:        8014352 kB
MemFree:         3274972 kB
Buffers:          326268 kB
Cached:          2147732 kB
SwapCached:            0 kB
Active:          2844568 kB
Inactive:        1462288 kB
Active(anon):    1827092 kB
Inactive(anon):    19524 kB
Active(file):    1017476 kB
Inactive(file):  1442764 kB
Unevictable:           0 kB
Mlocked:               0 kB
SwapTotal:       8191992 kB
SwapFree:        8191992 kB
Dirty:               620 kB
Writeback:             0 kB
AnonPages:       1828736 kB
Mapped:           207940 kB
Shmem:             13772 kB
Slab:             306876 kB
SReclaimable:     262556 kB
SUnreclaim:        44320 kB
KernelStack:        3208 kB
PageTables:        32032 kB
NFS_Unstable:          0 kB
Bounce:                0 kB
WritebackTmp:          0 kB
CommitLimit:    12199168 kB
Committed_AS:    3392528 kB
VmallocTotal:   34359738367 kB
VmallocUsed:      130676 kB
VmallocChunk:   34359593980 kB
HardwareCorrupted:     0 kB
AnonHugePages:   1030144 kB
HugePages_Total:       0
HugePages_Free:        0
HugePages_Rsvd:        0
HugePages_Surp:        0
Hugepagesize:       2048 kB
DirectMap4k:       98304 kB
DirectMap2M:     8249344 kB


CPU:total 4 (4 cores per cpu, 1 threads per core) family 6 model 42 stepping 7, cmov, cx8, fxsr, mmx, sse, sse2, sse3, ssse3, sse4.1, sse4.2, popcnt, avx, aes, tsc, tscinvbit

/proc/cpuinfo:
processor	: 0
vendor_id	: GenuineIntel
cpu family	: 6
model		: 42
model name	: Intel(R) Core(TM) i5-2400 CPU @ 3.10GHz
stepping	: 7
cpu MHz		: 3093.142
cache size	: 6144 KB
physical id	: 0
siblings	: 4
core id		: 0
cpu cores	: 4
apicid		: 0
initial apicid	: 0
fpu		: yes
fpu_exception	: yes
cpuid level	: 13
wp		: yes
flags		: fpu vme de pse tsc msr pae mce cx8 apic sep mtrr pge mca cmov pat pse36 clflush dts acpi mmx fxsr sse sse2 ss ht tm pbe syscall nx rdtscp lm constant_tsc arch_perfmon pebs bts rep_good xtopology nonstop_tsc aperfmperf pni pclmulqdq dtes64 monitor ds_cpl vmx smx est tm2 ssse3 cx16 xtpr pdcm pcid sse4_1 sse4_2 x2apic popcnt tsc_deadline_timer aes xsave avx lahf_lm ida arat epb xsaveopt pln pts dts tpr_shadow vnmi flexpriority ept vpid
bogomips	: 6186.28
clflush size	: 64
cache_alignment	: 64
address sizes	: 36 bits physical, 48 bits virtual
power management:

processor	: 1
vendor_id	: GenuineIntel
cpu family	: 6
model		: 42
model name	: Intel(R) Core(TM) i5-2400 CPU @ 3.10GHz
stepping	: 7
cpu MHz		: 3093.142
cache size	: 6144 KB
physical id	: 0
siblings	: 4
core id		: 1
cpu cores	: 4
apicid		: 2
initial apicid	: 2
fpu		: yes
fpu_exception	: yes
cpuid level	: 13
wp		: yes
flags		: fpu vme de pse tsc msr pae mce cx8 apic sep mtrr pge mca cmov pat pse36 clflush dts acpi mmx fxsr sse sse2 ss ht tm pbe syscall nx rdtscp lm constant_tsc arch_perfmon pebs bts rep_good xtopology nonstop_tsc aperfmperf pni pclmulqdq dtes64 monitor ds_cpl vmx smx est tm2 ssse3 cx16 xtpr pdcm pcid sse4_1 sse4_2 x2apic popcnt tsc_deadline_timer aes xsave avx lahf_lm ida arat epb xsaveopt pln pts dts tpr_shadow vnmi flexpriority ept vpid
bogomips	: 6186.28
clflush size	: 64
cache_alignment	: 64
address sizes	: 36 bits physical, 48 bits virtual
power management:

processor	: 2
vendor_id	: GenuineIntel
cpu family	: 6
model		: 42
model name	: Intel(R) Core(TM) i5-2400 CPU @ 3.10GHz
stepping	: 7
cpu MHz		: 3093.142
cache size	: 6144 KB
physical id	: 0
siblings	: 4
core id		: 2
cpu cores	: 4
apicid		: 4
initial apicid	: 4
fpu		: yes
fpu_exception	: yes
cpuid level	: 13
wp		: yes
flags		: fpu vme de pse tsc msr pae mce cx8 apic sep mtrr pge mca cmov pat pse36 clflush dts acpi mmx fxsr sse sse2 ss ht tm pbe syscall nx rdtscp lm constant_tsc arch_perfmon pebs bts rep_good xtopology nonstop_tsc aperfmperf pni pclmulqdq dtes64 monitor ds_cpl vmx smx est tm2 ssse3 cx16 xtpr pdcm pcid sse4_1 sse4_2 x2apic popcnt tsc_deadline_timer aes xsave avx lahf_lm ida arat epb xsaveopt pln pts dts tpr_shadow vnmi flexpriority ept vpid
bogomips	: 6186.28
clflush size	: 64
cache_alignment	: 64
address sizes	: 36 bits physical, 48 bits virtual
power management:

processor	: 3
vendor_id	: GenuineIntel
cpu family	: 6
model		: 42
model name	: Intel(R) Core(TM) i5-2400 CPU @ 3.10GHz
stepping	: 7
cpu MHz		: 3093.142
cache size	: 6144 KB
physical id	: 0
siblings	: 4
core id		: 3
cpu cores	: 4
apicid		: 6
initial apicid	: 6
fpu		: yes
fpu_exception	: yes
cpuid level	: 13
wp		: yes
flags		: fpu vme de pse tsc msr pae mce cx8 apic sep mtrr pge mca cmov pat pse36 clflush dts acpi mmx fxsr sse sse2 ss ht tm pbe syscall nx rdtscp lm constant_tsc arch_perfmon pebs bts rep_good xtopology nonstop_tsc aperfmperf pni pclmulqdq dtes64 monitor ds_cpl vmx smx est tm2 ssse3 cx16 xtpr pdcm pcid sse4_1 sse4_2 x2apic popcnt tsc_deadline_timer aes xsave avx lahf_lm ida arat epb xsaveopt pln pts dts tpr_shadow vnmi flexpriority ept vpid
bogomips	: 6186.28
clflush size	: 64
cache_alignment	: 64
address sizes	: 36 bits physical, 48 bits virtual
power management:



Memory: 4k page, physical 8014352k(3274972k free), swap 8191992k(8191992k free)

vm_info: Java HotSpot(TM) 64-Bit Server VM (24.65-b04) for linux-amd64 JRE (1.7.0_67-b01), built on Jul 25 2014 09:20:21 by "java_re" with gcc 4.3.0 20080428 (Red Hat 4.3.0-8)

time: Tue Mar 10 17:32:22 2015
elapsed time: 1397 seconds

